2020-07-02 00:00:01,027 INFO 12536 [egg-logrotator] app logger reload: got log-reload message
2020-07-02 08:54:50,179 INFO 10344 [egg:logger] init all loggers with options: {"dir":"F:\\项目练习\\shoppingmall\\server\\logs\\server","encoding":"utf8","env":"local","level":"INFO","consoleLevel":"INFO","disableConsoleAfterReady":false,"outputJSON":false,"buffer":true,"appLogName":"server-web.log","coreLogName":"egg-web.log","agentLogName":"egg-agent.log","errorLogName":"common-error.log","coreLogger":{"consoleLevel":"WARN"},"allowDebugAtProd":false,"type":"application"}
2020-07-02 08:54:50,227 INFO 10344 [egg-multipart] stream mode enable
2020-07-02 08:54:53,501 INFO 10344 [egg-mongoose] connecting mongodb://127.0.0.1/shoppingMall
2020-07-02 08:54:55,939 INFO 10344 [egg-static] starting static serve /public/ -> F:\项目练习\shoppingmall\server\app\public
2020-07-02 08:54:55,944 INFO 10344 [egg-security] use methodnoallow middleware
2020-07-02 08:54:55,945 INFO 10344 [egg-security] use noopen middleware
2020-07-02 08:54:55,948 INFO 10344 [egg-security] use nosniff middleware
2020-07-02 08:54:55,950 INFO 10344 [egg-security] use xssProtection middleware
2020-07-02 08:54:55,951 INFO 10344 [egg-security] use xframe middleware
2020-07-02 08:54:55,953 INFO 10344 [egg-security] use dta middleware
2020-07-02 08:54:55,953 INFO 10344 [egg-security] compose 6 middlewares into one security middleware
2020-07-02 08:54:56,065 INFO 10344 [egg:core] dump config after load, 7ms
2020-07-02 08:54:56,071 INFO 10344 [egg-mongoose] starting...
2020-07-02 08:54:56,249 INFO 10344 [egg-mongoose] mongodb://127.0.0.1/shoppingMall connected successfully
2020-07-02 08:54:56,264 INFO 10344 [egg-mongoose] instance[0] start successfully
2020-07-02 08:54:56,269 INFO 10344 [egg-watcher:application] watcher start success
2020-07-02 08:54:56,294 INFO 10344 [egg:core] dump config after ready, 21ms
2020-07-03 08:51:28,098 INFO 8212 [egg:logger] init all loggers with options: {"dir":"F:\\项目练习\\shoppingmall\\server\\logs\\server","encoding":"utf8","env":"local","level":"INFO","consoleLevel":"INFO","disableConsoleAfterReady":false,"outputJSON":false,"buffer":true,"appLogName":"server-web.log","coreLogName":"egg-web.log","agentLogName":"egg-agent.log","errorLogName":"common-error.log","coreLogger":{"consoleLevel":"WARN"},"allowDebugAtProd":false,"type":"application"}
2020-07-03 08:51:28,142 INFO 8212 [egg-multipart] stream mode enable
2020-07-03 08:51:31,280 INFO 8212 [egg-mongoose] connecting mongodb://127.0.0.1/shoppingMall
2020-07-03 08:51:33,869 INFO 8212 [egg-static] starting static serve /public/ -> F:\项目练习\shoppingmall\server\app\public
2020-07-03 08:51:33,875 INFO 8212 [egg-security] use methodnoallow middleware
2020-07-03 08:51:33,876 INFO 8212 [egg-security] use noopen middleware
2020-07-03 08:51:33,879 INFO 8212 [egg-security] use nosniff middleware
2020-07-03 08:51:33,881 INFO 8212 [egg-security] use xssProtection middleware
2020-07-03 08:51:33,882 INFO 8212 [egg-security] use xframe middleware
2020-07-03 08:51:33,883 INFO 8212 [egg-security] use dta middleware
2020-07-03 08:51:33,883 INFO 8212 [egg-security] compose 6 middlewares into one security middleware
2020-07-03 08:51:33,996 INFO 8212 [egg:core] dump config after load, 8ms
2020-07-03 08:51:34,003 INFO 8212 [egg-mongoose] starting...
2020-07-03 08:51:34,184 INFO 8212 [egg-mongoose] mongodb://127.0.0.1/shoppingMall connected successfully
2020-07-03 08:51:34,192 INFO 8212 [egg-mongoose] instance[0] start successfully
2020-07-03 08:51:34,212 INFO 8212 [egg-watcher:application] watcher start success
2020-07-03 08:51:34,229 INFO 8212 [egg:core] dump config after ready, 11ms
2020-11-08 15:09:50,898 INFO 9196 [egg:logger] init all loggers with options: {"dir":"C:\\Users\\ZZH\\Desktop\\shoppingMall-master\\server\\logs\\server","encoding":"utf8","env":"local","level":"INFO","consoleLevel":"INFO","disableConsoleAfterReady":false,"outputJSON":false,"buffer":true,"appLogName":"server-web.log","coreLogName":"egg-web.log","agentLogName":"egg-agent.log","errorLogName":"common-error.log","coreLogger":{"consoleLevel":"WARN"},"allowDebugAtProd":false,"type":"application"}
2020-11-08 15:09:50,929 INFO 9196 [egg-multipart] stream mode enable
2020-11-08 15:09:51,381 INFO 9196 [egg-mongoose] connecting mongodb://127.0.0.1/shoppingMall
2020-11-08 15:09:51,748 INFO 9196 [egg-static] starting static serve /public/ -> C:\Users\ZZH\Desktop\shoppingMall-master\server\app\public
2020-11-08 15:09:51,752 INFO 9196 [egg-security] use methodnoallow middleware
2020-11-08 15:09:51,753 INFO 9196 [egg-security] use noopen middleware
2020-11-08 15:09:51,755 INFO 9196 [egg-security] use nosniff middleware
2020-11-08 15:09:51,755 INFO 9196 [egg-security] use xssProtection middleware
2020-11-08 15:09:51,756 INFO 9196 [egg-security] use xframe middleware
2020-11-08 15:09:51,757 INFO 9196 [egg-security] use dta middleware
2020-11-08 15:09:51,757 INFO 9196 [egg-security] compose 6 middlewares into one security middleware
2020-11-08 15:09:51,780 INFO 9196 [egg:core] dump config after load, 7ms
2020-11-08 15:09:51,784 INFO 9196 [egg-mongoose] starting...
2020-11-08 15:09:51,845 INFO 9196 [egg-watcher:application] watcher start success
2020-11-08 15:09:51,857 INFO 9196 [egg-mongoose] mongodb://127.0.0.1/shoppingMall connected successfully
2020-11-08 15:09:51,864 INFO 9196 [egg-mongoose] instance[0] start successfully
2020-11-08 15:09:51,875 INFO 9196 [egg:core] dump config after ready, 9ms
2020-11-08 15:50:01,543 INFO 6868 [egg:logger] init all loggers with options: {"dir":"C:\\Users\\student\\Desktop\\js\\11.08\\project2\\server\\logs\\server","encoding":"utf8","env":"local","level":"INFO","consoleLevel":"INFO","disableConsoleAfterReady":false,"outputJSON":false,"buffer":true,"appLogName":"server-web.log","coreLogName":"egg-web.log","agentLogName":"egg-agent.log","errorLogName":"common-error.log","coreLogger":{"consoleLevel":"WARN"},"allowDebugAtProd":false,"type":"application"}
2020-11-08 15:50:01,583 INFO 6868 [egg-multipart] stream mode enable
2020-11-08 15:50:02,119 INFO 6868 [egg-mongoose] connecting mongodb://127.0.0.1/shoppingMall
2020-11-08 15:50:02,581 INFO 6868 [egg-static] starting static serve /public/ -> C:\Users\student\Desktop\js\11.08\project2\server\app\public
2020-11-08 15:50:02,586 INFO 6868 [egg-security] use methodnoallow middleware
2020-11-08 15:50:02,586 INFO 6868 [egg-security] use noopen middleware
2020-11-08 15:50:02,588 INFO 6868 [egg-security] use nosniff middleware
2020-11-08 15:50:02,589 INFO 6868 [egg-security] use xssProtection middleware
2020-11-08 15:50:02,590 INFO 6868 [egg-security] use xframe middleware
2020-11-08 15:50:02,591 INFO 6868 [egg-security] use dta middleware
2020-11-08 15:50:02,591 INFO 6868 [egg-security] compose 6 middlewares into one security middleware
2020-11-08 15:50:02,621 INFO 6868 [egg:core] dump config after load, 7ms
2020-11-08 15:50:02,626 INFO 6868 [egg-mongoose] starting...
2020-11-08 15:50:02,678 INFO 6868 [egg-mongoose] mongodb://127.0.0.1/shoppingMall connected successfully
2020-11-08 15:50:02,685 INFO 6868 [egg-mongoose] instance[0] start successfully
2020-11-08 15:50:02,687 INFO 6868 [egg-watcher:application] watcher start success
2020-11-08 15:50:02,699 INFO 6868 [egg:core] dump config after ready, 10ms
2020-11-09 11:25:35,543 INFO 4860 [egg:logger] init all loggers with options: {"dir":"C:\\Users\\student\\Desktop\\js\\11.08\\project2\\server\\logs\\server","encoding":"utf8","env":"local","level":"INFO","consoleLevel":"INFO","disableConsoleAfterReady":false,"outputJSON":false,"buffer":true,"appLogName":"server-web.log","coreLogName":"egg-web.log","agentLogName":"egg-agent.log","errorLogName":"common-error.log","coreLogger":{"consoleLevel":"WARN"},"allowDebugAtProd":false,"type":"application"}
2020-11-09 11:25:35,576 INFO 4860 [egg-multipart] stream mode enable
2020-11-09 11:25:36,220 INFO 4860 [egg-mongoose] connecting mongodb://127.0.0.1/shoppingMall
2020-11-09 11:25:36,725 INFO 4860 [egg-static] starting static serve /public/ -> C:\Users\student\Desktop\js\11.08\project2\server\app\public
2020-11-09 11:25:36,729 INFO 4860 [egg-security] use methodnoallow middleware
2020-11-09 11:25:36,730 INFO 4860 [egg-security] use noopen middleware
2020-11-09 11:25:36,732 INFO 4860 [egg-security] use nosniff middleware
2020-11-09 11:25:36,733 INFO 4860 [egg-security] use xssProtection middleware
2020-11-09 11:25:36,734 INFO 4860 [egg-security] use xframe middleware
2020-11-09 11:25:36,735 INFO 4860 [egg-security] use dta middleware
2020-11-09 11:25:36,735 INFO 4860 [egg-security] compose 6 middlewares into one security middleware
2020-11-09 11:25:36,761 INFO 4860 [egg:core] dump config after load, 5ms
2020-11-09 11:25:36,766 INFO 4860 [egg-mongoose] starting...
2020-11-09 11:25:36,854 INFO 4860 [egg-mongoose] mongodb://127.0.0.1/shoppingMall connected successfully
2020-11-09 11:25:36,861 INFO 4860 [egg-mongoose] instance[0] start successfully
2020-11-09 11:25:36,862 INFO 4860 [egg-watcher:application] watcher start success
2020-11-09 11:25:36,874 INFO 4860 [egg:core] dump config after ready, 9ms
2020-11-09 11:37:49,112 INFO 7136 [egg:logger] init all loggers with options: {"dir":"C:\\Users\\student\\Desktop\\js\\11.08\\project2\\server\\logs\\server","encoding":"utf8","env":"local","level":"INFO","consoleLevel":"INFO","disableConsoleAfterReady":false,"outputJSON":false,"buffer":true,"appLogName":"server-web.log","coreLogName":"egg-web.log","agentLogName":"egg-agent.log","errorLogName":"common-error.log","coreLogger":{"consoleLevel":"WARN"},"allowDebugAtProd":false,"type":"application"}
2020-11-09 11:37:49,169 INFO 7136 [egg-multipart] stream mode enable
2020-11-09 11:37:50,058 INFO 7136 [egg-mongoose] connecting mongodb://127.0.0.1/shoppingMall
2020-11-09 11:37:50,797 INFO 7136 [egg-static] starting static serve /public/ -> C:\Users\student\Desktop\js\11.08\project2\server\app\public
2020-11-09 11:37:50,804 INFO 7136 [egg-security] use methodnoallow middleware
2020-11-09 11:37:50,805 INFO 7136 [egg-security] use noopen middleware
2020-11-09 11:37:50,809 INFO 7136 [egg-security] use nosniff middleware
2020-11-09 11:37:50,810 INFO 7136 [egg-security] use xssProtection middleware
2020-11-09 11:37:50,812 INFO 7136 [egg-security] use xframe middleware
2020-11-09 11:37:50,813 INFO 7136 [egg-security] use dta middleware
2020-11-09 11:37:50,813 INFO 7136 [egg-security] compose 6 middlewares into one security middleware
2020-11-09 11:37:50,856 INFO 7136 [egg:core] dump config after load, 9ms
2020-11-09 11:37:50,862 INFO 7136 [egg-mongoose] starting...
2020-11-09 11:37:50,976 INFO 7136 [egg-mongoose] mongodb://127.0.0.1/shoppingMall connected successfully
2020-11-09 11:37:50,989 INFO 7136 [egg-mongoose] instance[0] start successfully
2020-11-09 11:37:51,004 INFO 7136 [egg-watcher:application] watcher start success
2020-11-09 11:37:51,018 INFO 7136 [egg:core] dump config after ready, 12ms
2020-11-09 13:53:41,372 INFO 6088 [egg:logger] init all loggers with options: {"dir":"C:\\Users\\student\\Desktop\\js\\11.08\\project2\\server\\logs\\server","encoding":"utf8","env":"local","level":"INFO","consoleLevel":"INFO","disableConsoleAfterReady":false,"outputJSON":false,"buffer":true,"appLogName":"server-web.log","coreLogName":"egg-web.log","agentLogName":"egg-agent.log","errorLogName":"common-error.log","coreLogger":{"consoleLevel":"WARN"},"allowDebugAtProd":false,"type":"application"}
2020-11-09 13:53:41,478 INFO 6088 [egg-multipart] stream mode enable
2020-11-09 13:53:44,265 INFO 6088 [egg-mongoose] connecting mongodb://127.0.0.1/shoppingMall
2020-11-09 13:53:46,753 INFO 6088 [egg-static] starting static serve /public/ -> C:\Users\student\Desktop\js\11.08\project2\server\app\public
2020-11-09 13:53:46,774 INFO 6088 [egg-security] use methodnoallow middleware
2020-11-09 13:53:46,778 INFO 6088 [egg-security] use noopen middleware
2020-11-09 13:53:46,791 INFO 6088 [egg-security] use nosniff middleware
2020-11-09 13:53:46,795 INFO 6088 [egg-security] use xssProtection middleware
2020-11-09 13:53:46,798 INFO 6088 [egg-security] use xframe middleware
2020-11-09 13:53:46,802 INFO 6088 [egg-security] use dta middleware
2020-11-09 13:53:46,803 INFO 6088 [egg-security] compose 6 middlewares into one security middleware
2020-11-09 13:53:46,915 INFO 6088 [egg:core] dump config after load, 12ms
2020-11-09 13:53:46,921 INFO 6088 [egg-mongoose] starting...
2020-11-09 13:53:47,066 INFO 6088 [egg-mongoose] mongodb://127.0.0.1/shoppingMall connected successfully
2020-11-09 13:53:47,094 INFO 6088 [egg-mongoose] instance[0] start successfully
2020-11-09 13:53:47,098 INFO 6088 [egg-watcher:application] watcher start success
2020-11-09 13:53:47,118 INFO 6088 [egg:core] dump config after ready, 14ms
2020-11-09 14:09:36,229 INFO 3920 [egg:logger] init all loggers with options: {"dir":"C:\\Users\\student\\Desktop\\js\\11.08\\project2\\server\\logs\\server","encoding":"utf8","env":"local","level":"INFO","consoleLevel":"INFO","disableConsoleAfterReady":false,"outputJSON":false,"buffer":true,"appLogName":"server-web.log","coreLogName":"egg-web.log","agentLogName":"egg-agent.log","errorLogName":"common-error.log","coreLogger":{"consoleLevel":"WARN"},"allowDebugAtProd":false,"type":"application"}
2020-11-09 14:09:36,315 INFO 3920 [egg-multipart] stream mode enable
2020-11-09 14:09:38,259 INFO 3920 [egg-mongoose] connecting mongodb://127.0.0.1/shoppingMall
2020-11-09 14:09:39,985 INFO 3920 [egg-static] starting static serve /public/ -> C:\Users\student\Desktop\js\11.08\project2\server\app\public
2020-11-09 14:09:39,999 INFO 3920 [egg-security] use methodnoallow middleware
2020-11-09 14:09:40,002 INFO 3920 [egg-security] use noopen middleware
2020-11-09 14:09:40,013 INFO 3920 [egg-security] use nosniff middleware
2020-11-09 14:09:40,015 INFO 3920 [egg-security] use xssProtection middleware
2020-11-09 14:09:40,018 INFO 3920 [egg-security] use xframe middleware
2020-11-09 14:09:40,020 INFO 3920 [egg-security] use dta middleware
2020-11-09 14:09:40,020 INFO 3920 [egg-security] compose 6 middlewares into one security middleware
2020-11-09 14:09:40,107 INFO 3920 [egg:core] dump config after load, 9ms
2020-11-09 14:09:40,113 INFO 3920 [egg-mongoose] starting...
2020-11-09 14:09:40,255 INFO 3920 [egg-mongoose] mongodb://127.0.0.1/shoppingMall connected successfully
2020-11-09 14:09:40,279 INFO 3920 [egg-mongoose] instance[0] start successfully
2020-11-09 14:09:40,286 INFO 3920 [egg-watcher:application] watcher start success
2020-11-09 14:09:40,309 INFO 3920 [egg:core] dump config after ready, 20ms
2020-11-09 15:47:21,253 INFO 3756 [egg:logger] init all loggers with options: {"dir":"C:\\Users\\student\\Desktop\\js\\11.08\\project2\\server\\logs\\server","encoding":"utf8","env":"local","level":"INFO","consoleLevel":"INFO","disableConsoleAfterReady":false,"outputJSON":false,"buffer":true,"appLogName":"server-web.log","coreLogName":"egg-web.log","agentLogName":"egg-agent.log","errorLogName":"common-error.log","coreLogger":{"consoleLevel":"WARN"},"allowDebugAtProd":false,"type":"application"}
2020-11-09 15:47:21,365 INFO 3756 [egg-multipart] stream mode enable
2020-11-09 15:47:23,497 INFO 3756 [egg-mongoose] connecting mongodb://127.0.0.1/shoppingMall
2020-11-09 15:47:25,472 INFO 3756 [egg-static] starting static serve /public/ -> C:\Users\student\Desktop\js\11.08\project2\server\app\public
2020-11-09 15:47:25,488 INFO 3756 [egg-security] use methodnoallow middleware
2020-11-09 15:47:25,492 INFO 3756 [egg-security] use noopen middleware
2020-11-09 15:47:25,503 INFO 3756 [egg-security] use nosniff middleware
2020-11-09 15:47:25,506 INFO 3756 [egg-security] use xssProtection middleware
2020-11-09 15:47:25,508 INFO 3756 [egg-security] use xframe middleware
2020-11-09 15:47:25,511 INFO 3756 [egg-security] use dta middleware
2020-11-09 15:47:25,512 INFO 3756 [egg-security] compose 6 middlewares into one security middleware
2020-11-09 15:47:25,606 INFO 3756 [egg:core] dump config after load, 11ms
2020-11-09 15:47:25,613 INFO 3756 [egg-mongoose] starting...
2020-11-09 15:47:25,734 INFO 3756 [egg-mongoose] mongodb://127.0.0.1/shoppingMall connected successfully
2020-11-09 15:47:25,753 INFO 3756 [egg-mongoose] instance[0] start successfully
2020-11-09 15:47:25,756 INFO 3756 [egg-watcher:application] watcher start success
2020-11-09 15:47:25,772 INFO 3756 [egg:core] dump config after ready, 12ms
2020-11-10 08:34:49,899 INFO 4116 [egg:logger] init all loggers with options: {"dir":"C:\\Users\\student\\Desktop\\js\\11.08\\project2\\server\\logs\\server","encoding":"utf8","env":"local","level":"INFO","consoleLevel":"INFO","disableConsoleAfterReady":false,"outputJSON":false,"buffer":true,"appLogName":"server-web.log","coreLogName":"egg-web.log","agentLogName":"egg-agent.log","errorLogName":"common-error.log","coreLogger":{"consoleLevel":"WARN"},"allowDebugAtProd":false,"type":"application"}
2020-11-10 08:34:49,997 INFO 4116 [egg-multipart] stream mode enable
2020-11-10 08:34:52,999 INFO 4116 [egg-mongoose] connecting mongodb://127.0.0.1/shoppingMall
2020-11-10 08:34:55,115 INFO 4116 [egg-static] starting static serve /public/ -> C:\Users\student\Desktop\js\11.08\project2\server\app\public
2020-11-10 08:34:55,133 INFO 4116 [egg-security] use methodnoallow middleware
2020-11-10 08:34:55,137 INFO 4116 [egg-security] use noopen middleware
2020-11-10 08:34:55,150 INFO 4116 [egg-security] use nosniff middleware
2020-11-10 08:34:55,153 INFO 4116 [egg-security] use xssProtection middleware
2020-11-10 08:34:55,156 INFO 4116 [egg-security] use xframe middleware
2020-11-10 08:34:55,159 INFO 4116 [egg-security] use dta middleware
2020-11-10 08:34:55,159 INFO 4116 [egg-security] compose 6 middlewares into one security middleware
2020-11-10 08:34:55,258 INFO 4116 [egg:core] dump config after load, 12ms
2020-11-10 08:34:55,266 INFO 4116 [egg-mongoose] starting...
2020-11-10 08:34:55,403 INFO 4116 [egg-mongoose] mongodb://127.0.0.1/shoppingMall connected successfully
2020-11-10 08:34:55,424 INFO 4116 [egg-mongoose] instance[0] start successfully
2020-11-10 08:34:55,428 INFO 4116 [egg-watcher:application] watcher start success
2020-11-10 08:34:55,448 INFO 4116 [egg:core] dump config after ready, 13ms
2020-11-10 21:19:44,484 INFO 7160 [egg:logger] init all loggers with options: {"dir":"C:\\Users\\student\\Desktop\\js\\11.08\\project2\\server\\logs\\server","encoding":"utf8","env":"local","level":"INFO","consoleLevel":"INFO","disableConsoleAfterReady":false,"outputJSON":false,"buffer":true,"appLogName":"server-web.log","coreLogName":"egg-web.log","agentLogName":"egg-agent.log","errorLogName":"common-error.log","coreLogger":{"consoleLevel":"WARN"},"allowDebugAtProd":false,"type":"application"}
2020-11-10 21:19:44,567 INFO 7160 [egg-multipart] stream mode enable
2020-11-10 21:19:46,639 INFO 7160 [egg-mongoose] connecting mongodb://127.0.0.1/shoppingMall
2020-11-10 21:19:48,479 INFO 7160 [egg-static] starting static serve /public/ -> C:\Users\student\Desktop\js\11.08\project2\server\app\public
2020-11-10 21:19:48,496 INFO 7160 [egg-security] use methodnoallow middleware
2020-11-10 21:19:48,499 INFO 7160 [egg-security] use noopen middleware
2020-11-10 21:19:48,509 INFO 7160 [egg-security] use nosniff middleware
2020-11-10 21:19:48,512 INFO 7160 [egg-security] use xssProtection middleware
2020-11-10 21:19:48,515 INFO 7160 [egg-security] use xframe middleware
2020-11-10 21:19:48,518 INFO 7160 [egg-security] use dta middleware
2020-11-10 21:19:48,519 INFO 7160 [egg-security] compose 6 middlewares into one security middleware
2020-11-10 21:19:48,610 INFO 7160 [egg:core] dump config after load, 12ms
2020-11-10 21:19:48,616 INFO 7160 [egg-mongoose] starting...
2020-11-10 21:19:48,775 INFO 7160 [egg-watcher:application] watcher start success
2020-11-10 21:19:48,781 INFO 7160 [egg-mongoose] mongodb://127.0.0.1/shoppingMall connected successfully
2020-11-10 21:19:48,803 INFO 7160 [egg-mongoose] instance[0] start successfully
2020-11-10 21:19:48,830 INFO 7160 [egg:core] dump config after ready, 23ms
2020-11-10 21:36:12,216 INFO 8052 [egg:logger] init all loggers with options: {"dir":"C:\\Users\\student\\Desktop\\js\\11.08\\project2\\server\\logs\\server","encoding":"utf8","env":"local","level":"INFO","consoleLevel":"INFO","disableConsoleAfterReady":false,"outputJSON":false,"buffer":true,"appLogName":"server-web.log","coreLogName":"egg-web.log","agentLogName":"egg-agent.log","errorLogName":"common-error.log","coreLogger":{"consoleLevel":"WARN"},"allowDebugAtProd":false,"type":"application"}
2020-11-10 21:36:12,340 INFO 8052 [egg-multipart] stream mode enable
2020-11-10 21:36:14,634 INFO 8052 [egg-mongoose] connecting mongodb://127.0.0.1/shoppingMall
2020-11-10 21:36:16,767 INFO 8052 [egg-static] starting static serve /public/ -> C:\Users\student\Desktop\js\11.08\project2\server\app\public
2020-11-10 21:36:16,784 INFO 8052 [egg-security] use methodnoallow middleware
2020-11-10 21:36:16,788 INFO 8052 [egg-security] use noopen middleware
2020-11-10 21:36:16,801 INFO 8052 [egg-security] use nosniff middleware
2020-11-10 21:36:16,804 INFO 8052 [egg-security] use xssProtection middleware
2020-11-10 21:36:16,808 INFO 8052 [egg-security] use xframe middleware
2020-11-10 21:36:16,811 INFO 8052 [egg-security] use dta middleware
2020-11-10 21:36:16,811 INFO 8052 [egg-security] compose 6 middlewares into one security middleware
2020-11-10 21:36:16,918 INFO 8052 [egg:core] dump config after load, 12ms
2020-11-10 21:36:16,923 INFO 8052 [egg-mongoose] starting...
2020-11-10 21:36:17,038 INFO 8052 [egg-mongoose] mongodb://127.0.0.1/shoppingMall connected successfully
2020-11-10 21:36:17,050 INFO 8052 [egg-mongoose] instance[0] start successfully
2020-11-10 21:36:17,059 INFO 8052 [egg-watcher:application] watcher start success
2020-11-10 21:36:17,083 INFO 8052 [egg:core] dump config after ready, 17ms
2020-11-11 08:34:28,402 INFO 4568 [egg:logger] init all loggers with options: {"dir":"C:\\Users\\student\\Desktop\\js\\11.08\\project2\\server\\logs\\server","encoding":"utf8","env":"local","level":"INFO","consoleLevel":"INFO","disableConsoleAfterReady":false,"outputJSON":false,"buffer":true,"appLogName":"server-web.log","coreLogName":"egg-web.log","agentLogName":"egg-agent.log","errorLogName":"common-error.log","coreLogger":{"consoleLevel":"WARN"},"allowDebugAtProd":false,"type":"application"}
2020-11-11 08:34:28,495 INFO 4568 [egg-multipart] stream mode enable
2020-11-11 08:34:30,485 INFO 4568 [egg-mongoose] connecting mongodb://127.0.0.1/shoppingMall
2020-11-11 08:34:32,242 INFO 4568 [egg-static] starting static serve /public/ -> C:\Users\student\Desktop\js\11.08\project2\server\app\public
2020-11-11 08:34:32,258 INFO 4568 [egg-security] use methodnoallow middleware
2020-11-11 08:34:32,262 INFO 4568 [egg-security] use noopen middleware
2020-11-11 08:34:32,272 INFO 4568 [egg-security] use nosniff middleware
2020-11-11 08:34:32,275 INFO 4568 [egg-security] use xssProtection middleware
2020-11-11 08:34:32,278 INFO 4568 [egg-security] use xframe middleware
2020-11-11 08:34:32,280 INFO 4568 [egg-security] use dta middleware
2020-11-11 08:34:32,280 INFO 4568 [egg-security] compose 6 middlewares into one security middleware
2020-11-11 08:34:32,371 INFO 4568 [egg:core] dump config after load, 10ms
2020-11-11 08:34:32,378 INFO 4568 [egg-mongoose] starting...
2020-11-11 08:34:32,492 INFO 4568 [egg-mongoose] mongodb://127.0.0.1/shoppingMall connected successfully
2020-11-11 08:34:32,511 INFO 4568 [egg-mongoose] instance[0] start successfully
2020-11-11 08:34:32,515 INFO 4568 [egg-watcher:application] watcher start success
2020-11-11 08:34:32,535 INFO 4568 [egg:core] dump config after ready, 13ms
2020-11-11 18:20:13,499 INFO 4704 [egg:logger] init all loggers with options: {"dir":"C:\\Users\\student\\Desktop\\js\\11.08\\project2\\server\\logs\\server","encoding":"utf8","env":"local","level":"INFO","consoleLevel":"INFO","disableConsoleAfterReady":false,"outputJSON":false,"buffer":true,"appLogName":"server-web.log","coreLogName":"egg-web.log","agentLogName":"egg-agent.log","errorLogName":"common-error.log","coreLogger":{"consoleLevel":"WARN"},"allowDebugAtProd":false,"type":"application"}
2020-11-11 18:20:13,584 INFO 4704 [egg-multipart] stream mode enable
2020-11-11 18:20:15,690 INFO 4704 [egg-mongoose] connecting mongodb://127.0.0.1/shoppingMall
2020-11-11 18:20:17,626 INFO 4704 [egg-static] starting static serve /public/ -> C:\Users\student\Desktop\js\11.08\project2\server\app\public
2020-11-11 18:20:17,643 INFO 4704 [egg-security] use methodnoallow middleware
2020-11-11 18:20:17,648 INFO 4704 [egg-security] use noopen middleware
2020-11-11 18:20:17,658 INFO 4704 [egg-security] use nosniff middleware
2020-11-11 18:20:17,664 INFO 4704 [egg-security] use xssProtection middleware
2020-11-11 18:20:17,668 INFO 4704 [egg-security] use xframe middleware
2020-11-11 18:20:17,672 INFO 4704 [egg-security] use dta middleware
2020-11-11 18:20:17,672 INFO 4704 [egg-security] compose 6 middlewares into one security middleware
2020-11-11 18:20:17,768 INFO 4704 [egg:core] dump config after load, 11ms
2020-11-11 18:20:17,773 INFO 4704 [egg-mongoose] starting...
2020-11-11 18:20:17,897 INFO 4704 [egg-mongoose] mongodb://127.0.0.1/shoppingMall connected successfully
2020-11-11 18:20:17,915 INFO 4704 [egg-mongoose] instance[0] start successfully
2020-11-11 18:20:17,918 INFO 4704 [egg-watcher:application] watcher start success
2020-11-11 18:20:17,937 INFO 4704 [egg:core] dump config after ready, 13ms
2020-11-12 08:53:00,800 INFO 4920 [egg:logger] init all loggers with options: {"dir":"C:\\Users\\student\\Desktop\\js\\11.08\\project2\\server\\logs\\server","encoding":"utf8","env":"local","level":"INFO","consoleLevel":"INFO","disableConsoleAfterReady":false,"outputJSON":false,"buffer":true,"appLogName":"server-web.log","coreLogName":"egg-web.log","agentLogName":"egg-agent.log","errorLogName":"common-error.log","coreLogger":{"consoleLevel":"WARN"},"allowDebugAtProd":false,"type":"application"}
2020-11-12 08:53:00,831 INFO 4920 [egg-multipart] stream mode enable
2020-11-12 08:53:01,452 INFO 4920 [egg-mongoose] connecting mongodb://127.0.0.1/shoppingMall
2020-11-12 08:53:01,979 INFO 4920 [egg-static] starting static serve /public/ -> C:\Users\student\Desktop\js\11.08\project2\server\app\public
2020-11-12 08:53:01,984 INFO 4920 [egg-security] use methodnoallow middleware
2020-11-12 08:53:01,985 INFO 4920 [egg-security] use noopen middleware
2020-11-12 08:53:01,988 INFO 4920 [egg-security] use nosniff middleware
2020-11-12 08:53:01,988 INFO 4920 [egg-security] use xssProtection middleware
2020-11-12 08:53:01,989 INFO 4920 [egg-security] use xframe middleware
2020-11-12 08:53:01,990 INFO 4920 [egg-security] use dta middleware
2020-11-12 08:53:01,990 INFO 4920 [egg-security] compose 6 middlewares into one security middleware
2020-11-12 08:53:02,021 INFO 4920 [egg:core] dump config after load, 8ms
2020-11-12 08:53:02,027 INFO 4920 [egg-mongoose] starting...
2020-11-12 08:53:02,123 INFO 4920 [egg-mongoose] mongodb://127.0.0.1/shoppingMall connected successfully
2020-11-12 08:53:02,139 INFO 4920 [egg-mongoose] instance[0] start successfully
2020-11-12 08:53:02,142 INFO 4920 [egg-watcher:application] watcher start success
2020-11-12 08:53:02,158 INFO 4920 [egg:core] dump config after ready, 12ms
2020-11-12 15:42:39,766 INFO 3156 [egg:logger] init all loggers with options: {"dir":"C:\\Users\\student\\Desktop\\js\\11.08\\project2\\server\\logs\\server","encoding":"utf8","env":"local","level":"INFO","consoleLevel":"INFO","disableConsoleAfterReady":false,"outputJSON":false,"buffer":true,"appLogName":"server-web.log","coreLogName":"egg-web.log","agentLogName":"egg-agent.log","errorLogName":"common-error.log","coreLogger":{"consoleLevel":"WARN"},"allowDebugAtProd":false,"type":"application"}
2020-11-12 15:42:39,864 INFO 3156 [egg-multipart] stream mode enable
2020-11-12 15:42:42,233 INFO 3156 [egg-mongoose] connecting mongodb://127.0.0.1/shoppingMall
2020-11-12 15:42:44,617 INFO 3156 [egg-static] starting static serve /public/ -> C:\Users\student\Desktop\js\11.08\project2\server\app\public
2020-11-12 15:42:44,643 INFO 3156 [egg-security] use methodnoallow middleware
2020-11-12 15:42:44,649 INFO 3156 [egg-security] use noopen middleware
2020-11-12 15:42:44,671 INFO 3156 [egg-security] use nosniff middleware
2020-11-12 15:42:44,674 INFO 3156 [egg-security] use xssProtection middleware
2020-11-12 15:42:44,678 INFO 3156 [egg-security] use xframe middleware
2020-11-12 15:42:44,683 INFO 3156 [egg-security] use dta middleware
2020-11-12 15:42:44,683 INFO 3156 [egg-security] compose 6 middlewares into one security middleware
2020-11-12 15:42:44,775 INFO 3156 [egg:core] dump config after load, 10ms
2020-11-12 15:42:44,781 INFO 3156 [egg-mongoose] starting...
2020-11-12 15:42:44,903 INFO 3156 [egg-mongoose] mongodb://127.0.0.1/shoppingMall connected successfully
2020-11-12 15:42:44,920 INFO 3156 [egg-mongoose] instance[0] start successfully
2020-11-12 15:42:44,923 INFO 3156 [egg-watcher:application] watcher start success
2020-11-12 15:42:44,942 INFO 3156 [egg:core] dump config after ready, 13ms
2020-11-12 19:50:16,141 INFO 4724 [egg:logger] init all loggers with options: {"dir":"C:\\Users\\student\\Desktop\\js\\11.08\\project2\\server\\logs\\server","encoding":"utf8","env":"local","level":"INFO","consoleLevel":"INFO","disableConsoleAfterReady":false,"outputJSON":false,"buffer":true,"appLogName":"server-web.log","coreLogName":"egg-web.log","agentLogName":"egg-agent.log","errorLogName":"common-error.log","coreLogger":{"consoleLevel":"WARN"},"allowDebugAtProd":false,"type":"application"}
2020-11-12 19:50:16,204 INFO 4724 [egg-multipart] stream mode enable
2020-11-12 19:50:17,322 INFO 4724 [egg-mongoose] connecting mongodb://127.0.0.1/shoppingMall
2020-11-12 19:50:18,250 INFO 4724 [egg-static] starting static serve /public/ -> C:\Users\student\Desktop\js\11.08\project2\server\app\public
2020-11-12 19:50:18,258 INFO 4724 [egg-security] use methodnoallow middleware
2020-11-12 19:50:18,260 INFO 4724 [egg-security] use noopen middleware
2020-11-12 19:50:18,264 INFO 4724 [egg-security] use nosniff middleware
2020-11-12 19:50:18,265 INFO 4724 [egg-security] use xssProtection middleware
2020-11-12 19:50:18,267 INFO 4724 [egg-security] use xframe middleware
2020-11-12 19:50:18,268 INFO 4724 [egg-security] use dta middleware
2020-11-12 19:50:18,268 INFO 4724 [egg-security] compose 6 middlewares into one security middleware
2020-11-12 19:50:18,317 INFO 4724 [egg:core] dump config after load, 10ms
2020-11-12 19:50:18,323 INFO 4724 [egg-mongoose] starting...
2020-11-12 19:50:18,435 INFO 4724 [egg-mongoose] mongodb://127.0.0.1/shoppingMall connected successfully
2020-11-12 19:50:18,447 INFO 4724 [egg-mongoose] instance[0] start successfully
2020-11-12 19:50:18,450 INFO 4724 [egg-watcher:application] watcher start success
2020-11-12 19:50:18,468 INFO 4724 [egg:core] dump config after ready, 10ms
2020-11-12 20:06:45,302 INFO 5524 [egg:logger] init all loggers with options: {"dir":"C:\\Users\\student\\Desktop\\js\\11.08\\project2\\server\\logs\\server","encoding":"utf8","env":"local","level":"INFO","consoleLevel":"INFO","disableConsoleAfterReady":false,"outputJSON":false,"buffer":true,"appLogName":"server-web.log","coreLogName":"egg-web.log","agentLogName":"egg-agent.log","errorLogName":"common-error.log","coreLogger":{"consoleLevel":"WARN"},"allowDebugAtProd":false,"type":"application"}
2020-11-12 20:06:45,342 INFO 5524 [egg-multipart] stream mode enable
2020-11-12 20:06:45,992 INFO 5524 [egg-mongoose] connecting mongodb://127.0.0.1/shoppingMall
2020-11-12 20:06:46,572 INFO 5524 [egg-static] starting static serve /public/ -> C:\Users\student\Desktop\js\11.08\project2\server\app\public
2020-11-12 20:06:46,577 INFO 5524 [egg-security] use methodnoallow middleware
2020-11-12 20:06:46,578 INFO 5524 [egg-security] use noopen middleware
2020-11-12 20:06:46,580 INFO 5524 [egg-security] use nosniff middleware
2020-11-12 20:06:46,581 INFO 5524 [egg-security] use xssProtection middleware
2020-11-12 20:06:46,582 INFO 5524 [egg-security] use xframe middleware
2020-11-12 20:06:46,582 INFO 5524 [egg-security] use dta middleware
2020-11-12 20:06:46,583 INFO 5524 [egg-security] compose 6 middlewares into one security middleware
2020-11-12 20:06:46,612 INFO 5524 [egg:core] dump config after load, 7ms
2020-11-12 20:06:46,616 INFO 5524 [egg-mongoose] starting...
2020-11-12 20:06:46,679 INFO 5524 [egg-mongoose] mongodb://127.0.0.1/shoppingMall connected successfully
2020-11-12 20:06:46,692 INFO 5524 [egg-mongoose] instance[0] start successfully
2020-11-12 20:06:46,694 INFO 5524 [egg-watcher:application] watcher start success
2020-11-12 20:06:46,705 INFO 5524 [egg:core] dump config after ready, 7ms
2020-11-13 08:34:44,288 INFO 4956 [egg:logger] init all loggers with options: {"dir":"C:\\Users\\student\\Desktop\\js\\11.08\\project2\\server\\logs\\server","encoding":"utf8","env":"local","level":"INFO","consoleLevel":"INFO","disableConsoleAfterReady":false,"outputJSON":false,"buffer":true,"appLogName":"server-web.log","coreLogName":"egg-web.log","agentLogName":"egg-agent.log","errorLogName":"common-error.log","coreLogger":{"consoleLevel":"WARN"},"allowDebugAtProd":false,"type":"application"}
2020-11-13 08:34:44,377 INFO 4956 [egg-multipart] stream mode enable
2020-11-13 08:34:46,423 INFO 4956 [egg-mongoose] connecting mongodb://127.0.0.1/shoppingMall
2020-11-13 08:34:48,254 INFO 4956 [egg-static] starting static serve /public/ -> C:\Users\student\Desktop\js\11.08\project2\server\app\public
2020-11-13 08:34:48,267 INFO 4956 [egg-security] use methodnoallow middleware
2020-11-13 08:34:48,270 INFO 4956 [egg-security] use noopen middleware
2020-11-13 08:34:48,280 INFO 4956 [egg-security] use nosniff middleware
2020-11-13 08:34:48,283 INFO 4956 [egg-security] use xssProtection middleware
2020-11-13 08:34:48,285 INFO 4956 [egg-security] use xframe middleware
2020-11-13 08:34:48,288 INFO 4956 [egg-security] use dta middleware
2020-11-13 08:34:48,288 INFO 4956 [egg-security] compose 6 middlewares into one security middleware
2020-11-13 08:34:48,373 INFO 4956 [egg:core] dump config after load, 9ms
2020-11-13 08:34:48,379 INFO 4956 [egg-mongoose] starting...
2020-11-13 08:34:48,559 INFO 4956 [egg-mongoose] mongodb://127.0.0.1/shoppingMall connected successfully
2020-11-13 08:34:48,589 INFO 4956 [egg-mongoose] instance[0] start successfully
2020-11-13 08:34:48,593 INFO 4956 [egg-watcher:application] watcher start success
2020-11-13 08:34:48,621 INFO 4956 [egg:core] dump config after ready, 20ms
2020-11-14 09:00:18,694 INFO 4812 [egg:logger] init all loggers with options: {"dir":"C:\\Users\\student\\Desktop\\js\\11.08\\project2\\server\\logs\\server","encoding":"utf8","env":"local","level":"INFO","consoleLevel":"INFO","disableConsoleAfterReady":false,"outputJSON":false,"buffer":true,"appLogName":"server-web.log","coreLogName":"egg-web.log","agentLogName":"egg-agent.log","errorLogName":"common-error.log","coreLogger":{"consoleLevel":"WARN"},"allowDebugAtProd":false,"type":"application"}
2020-11-14 09:00:18,781 INFO 4812 [egg-multipart] stream mode enable
2020-11-14 09:00:20,821 INFO 4812 [egg-mongoose] connecting mongodb://127.0.0.1/shoppingMall
2020-11-14 09:00:22,843 INFO 4812 [egg-static] starting static serve /public/ -> C:\Users\student\Desktop\js\11.08\project2\server\app\public
2020-11-14 09:00:22,861 INFO 4812 [egg-security] use methodnoallow middleware
2020-11-14 09:00:22,866 INFO 4812 [egg-security] use noopen middleware
2020-11-14 09:00:22,878 INFO 4812 [egg-security] use nosniff middleware
2020-11-14 09:00:22,881 INFO 4812 [egg-security] use xssProtection middleware
2020-11-14 09:00:22,886 INFO 4812 [egg-security] use xframe middleware
2020-11-14 09:00:22,891 INFO 4812 [egg-security] use dta middleware
2020-11-14 09:00:22,891 INFO 4812 [egg-security] compose 6 middlewares into one security middleware
2020-11-14 09:00:22,991 INFO 4812 [egg:core] dump config after load, 12ms
2020-11-14 09:00:22,996 INFO 4812 [egg-mongoose] starting...
2020-11-14 09:00:23,138 INFO 4812 [egg-mongoose] mongodb://127.0.0.1/shoppingMall connected successfully
2020-11-14 09:00:23,159 INFO 4812 [egg-mongoose] instance[0] start successfully
2020-11-14 09:00:23,163 INFO 4812 [egg-watcher:application] watcher start success
2020-11-14 09:00:23,184 INFO 4812 [egg:core] dump config after ready, 15ms
2020-11-16 08:24:40,378 INFO 2252 [egg:logger] init all loggers with options: {"dir":"C:\\Users\\student\\Desktop\\js\\11.08\\project2\\server\\logs\\server","encoding":"utf8","env":"local","level":"INFO","consoleLevel":"INFO","disableConsoleAfterReady":false,"outputJSON":false,"buffer":true,"appLogName":"server-web.log","coreLogName":"egg-web.log","agentLogName":"egg-agent.log","errorLogName":"common-error.log","coreLogger":{"consoleLevel":"WARN"},"allowDebugAtProd":false,"type":"application"}
2020-11-16 08:24:40,496 INFO 2252 [egg-multipart] stream mode enable
2020-11-16 08:24:43,015 INFO 2252 [egg-mongoose] connecting mongodb://127.0.0.1/shoppingMall
2020-11-16 08:24:44,884 INFO 2252 [egg-static] starting static serve /public/ -> C:\Users\student\Desktop\js\11.08\project2\server\app\public
2020-11-16 08:24:44,900 INFO 2252 [egg-security] use methodnoallow middleware
2020-11-16 08:24:44,903 INFO 2252 [egg-security] use noopen middleware
2020-11-16 08:24:44,915 INFO 2252 [egg-security] use nosniff middleware
2020-11-16 08:24:44,919 INFO 2252 [egg-security] use xssProtection middleware
2020-11-16 08:24:44,922 INFO 2252 [egg-security] use xframe middleware
2020-11-16 08:24:44,925 INFO 2252 [egg-security] use dta middleware
2020-11-16 08:24:44,925 INFO 2252 [egg-security] compose 6 middlewares into one security middleware
2020-11-16 08:24:45,022 INFO 2252 [egg:core] dump config after load, 10ms
2020-11-16 08:24:45,028 INFO 2252 [egg-mongoose] starting...
2020-11-16 08:24:45,185 INFO 2252 [egg-mongoose] mongodb://127.0.0.1/shoppingMall connected successfully
2020-11-16 08:24:45,204 INFO 2252 [egg-mongoose] instance[0] start successfully
2020-11-16 08:24:45,209 INFO 2252 [egg-watcher:application] watcher start success
2020-11-16 08:24:45,237 INFO 2252 [egg:core] dump config after ready, 22ms
2020-11-17 08:26:39,947 INFO 3408 [egg:logger] init all loggers with options: {"dir":"C:\\Users\\student\\Desktop\\js\\11.08\\project2\\server\\logs\\server","encoding":"utf8","env":"local","level":"INFO","consoleLevel":"INFO","disableConsoleAfterReady":false,"outputJSON":false,"buffer":true,"appLogName":"server-web.log","coreLogName":"egg-web.log","agentLogName":"egg-agent.log","errorLogName":"common-error.log","coreLogger":{"consoleLevel":"WARN"},"allowDebugAtProd":false,"type":"application"}
2020-11-17 08:26:40,033 INFO 3408 [egg-multipart] stream mode enable
2020-11-17 08:26:42,122 INFO 3408 [egg-mongoose] connecting mongodb://127.0.0.1/shoppingMall
2020-11-17 08:26:44,053 INFO 3408 [egg-static] starting static serve /public/ -> C:\Users\student\Desktop\js\11.08\project2\server\app\public
2020-11-17 08:26:44,068 INFO 3408 [egg-security] use methodnoallow middleware
2020-11-17 08:26:44,071 INFO 3408 [egg-security] use noopen middleware
2020-11-17 08:26:44,083 INFO 3408 [egg-security] use nosniff middleware
2020-11-17 08:26:44,086 INFO 3408 [egg-security] use xssProtection middleware
2020-11-17 08:26:44,089 INFO 3408 [egg-security] use xframe middleware
2020-11-17 08:26:44,092 INFO 3408 [egg-security] use dta middleware
2020-11-17 08:26:44,092 INFO 3408 [egg-security] compose 6 middlewares into one security middleware
2020-11-17 08:26:44,184 INFO 3408 [egg:core] dump config after load, 9ms
2020-11-17 08:26:44,190 INFO 3408 [egg-mongoose] starting...
2020-11-17 08:26:44,327 INFO 3408 [egg-mongoose] mongodb://127.0.0.1/shoppingMall connected successfully
2020-11-17 08:26:44,353 INFO 3408 [egg-mongoose] instance[0] start successfully
2020-11-17 08:26:44,358 INFO 3408 [egg-watcher:application] watcher start success
2020-11-17 08:26:44,383 INFO 3408 [egg:core] dump config after ready, 17ms
2020-11-18 08:28:24,409 INFO 2608 [egg:logger] init all loggers with options: {"dir":"C:\\Users\\student\\Desktop\\js\\11.08\\project2\\server\\logs\\server","encoding":"utf8","env":"local","level":"INFO","consoleLevel":"INFO","disableConsoleAfterReady":false,"outputJSON":false,"buffer":true,"appLogName":"server-web.log","coreLogName":"egg-web.log","agentLogName":"egg-agent.log","errorLogName":"common-error.log","coreLogger":{"consoleLevel":"WARN"},"allowDebugAtProd":false,"type":"application"}
2020-11-18 08:28:24,504 INFO 2608 [egg-multipart] stream mode enable
2020-11-18 08:28:26,596 INFO 2608 [egg-mongoose] connecting mongodb://127.0.0.1/shoppingMall
2020-11-18 08:28:28,777 INFO 2608 [egg-static] starting static serve /public/ -> C:\Users\student\Desktop\js\11.08\project2\server\app\public
2020-11-18 08:28:28,795 INFO 2608 [egg-security] use methodnoallow middleware
2020-11-18 08:28:28,799 INFO 2608 [egg-security] use noopen middleware
2020-11-18 08:28:28,814 INFO 2608 [egg-security] use nosniff middleware
2020-11-18 08:28:28,817 INFO 2608 [egg-security] use xssProtection middleware
2020-11-18 08:28:28,821 INFO 2608 [egg-security] use xframe middleware
2020-11-18 08:28:28,824 INFO 2608 [egg-security] use dta middleware
2020-11-18 08:28:28,824 INFO 2608 [egg-security] compose 6 middlewares into one security middleware
2020-11-18 08:28:28,909 INFO 2608 [egg:core] dump config after load, 10ms
2020-11-18 08:28:28,914 INFO 2608 [egg-mongoose] starting...
2020-11-18 08:28:29,018 INFO 2608 [egg-mongoose] mongodb://127.0.0.1/shoppingMall connected successfully
2020-11-18 08:28:29,031 INFO 2608 [egg-mongoose] instance[0] start successfully
2020-11-18 08:28:29,039 INFO 2608 [egg-watcher:application] watcher start success
2020-11-18 08:28:29,059 INFO 2608 [egg:core] dump config after ready, 13ms
2020-11-19 08:31:20,990 INFO 6040 [egg:logger] init all loggers with options: {"dir":"C:\\Users\\student\\Desktop\\js\\11.08\\project2\\server\\logs\\server","encoding":"utf8","env":"local","level":"INFO","consoleLevel":"INFO","disableConsoleAfterReady":false,"outputJSON":false,"buffer":true,"appLogName":"server-web.log","coreLogName":"egg-web.log","agentLogName":"egg-agent.log","errorLogName":"common-error.log","coreLogger":{"consoleLevel":"WARN"},"allowDebugAtProd":false,"type":"application"}
2020-11-19 08:31:21,087 INFO 6040 [egg-multipart] stream mode enable
2020-11-19 08:31:23,339 INFO 6040 [egg-mongoose] connecting mongodb://127.0.0.1/shoppingMall
2020-11-19 08:31:25,334 INFO 6040 [egg-static] starting static serve /public/ -> C:\Users\student\Desktop\js\11.08\project2\server\app\public
2020-11-19 08:31:25,350 INFO 6040 [egg-security] use methodnoallow middleware
2020-11-19 08:31:25,354 INFO 6040 [egg-security] use noopen middleware
2020-11-19 08:31:25,366 INFO 6040 [egg-security] use nosniff middleware
2020-11-19 08:31:25,369 INFO 6040 [egg-security] use xssProtection middleware
2020-11-19 08:31:25,372 INFO 6040 [egg-security] use xframe middleware
2020-11-19 08:31:25,375 INFO 6040 [egg-security] use dta middleware
2020-11-19 08:31:25,376 INFO 6040 [egg-security] compose 6 middlewares into one security middleware
2020-11-19 08:31:25,469 INFO 6040 [egg:core] dump config after load, 10ms
2020-11-19 08:31:25,476 INFO 6040 [egg-mongoose] starting...
2020-11-19 08:31:25,627 INFO 6040 [egg-mongoose] mongodb://127.0.0.1/shoppingMall connected successfully
2020-11-19 08:31:25,648 INFO 6040 [egg-mongoose] instance[0] start successfully
2020-11-19 08:31:25,657 INFO 6040 [egg-watcher:application] watcher start success
2020-11-19 08:31:25,679 INFO 6040 [egg:core] dump config after ready, 15ms
2020-11-20 08:35:03,891 INFO 2168 [egg:logger] init all loggers with options: {"dir":"C:\\Users\\student\\Desktop\\js\\11.08\\project2\\server\\logs\\server","encoding":"utf8","env":"local","level":"INFO","consoleLevel":"INFO","disableConsoleAfterReady":false,"outputJSON":false,"buffer":true,"appLogName":"server-web.log","coreLogName":"egg-web.log","agentLogName":"egg-agent.log","errorLogName":"common-error.log","coreLogger":{"consoleLevel":"WARN"},"allowDebugAtProd":false,"type":"application"}
2020-11-20 08:35:03,976 INFO 2168 [egg-multipart] stream mode enable
2020-11-20 08:35:05,793 INFO 2168 [egg-mongoose] connecting mongodb://127.0.0.1/shoppingMall
2020-11-20 08:35:07,511 INFO 2168 [egg-static] starting static serve /public/ -> C:\Users\student\Desktop\js\11.08\project2\server\app\public
2020-11-20 08:35:07,526 INFO 2168 [egg-security] use methodnoallow middleware
2020-11-20 08:35:07,530 INFO 2168 [egg-security] use noopen middleware
2020-11-20 08:35:07,541 INFO 2168 [egg-security] use nosniff middleware
2020-11-20 08:35:07,543 INFO 2168 [egg-security] use xssProtection middleware
2020-11-20 08:35:07,546 INFO 2168 [egg-security] use xframe middleware
2020-11-20 08:35:07,548 INFO 2168 [egg-security] use dta middleware
2020-11-20 08:35:07,548 INFO 2168 [egg-security] compose 6 middlewares into one security middleware
2020-11-20 08:35:07,632 INFO 2168 [egg:core] dump config after load, 10ms
2020-11-20 08:35:07,639 INFO 2168 [egg-mongoose] starting...
2020-11-20 08:35:07,766 INFO 2168 [egg-mongoose] mongodb://127.0.0.1/shoppingMall connected successfully
2020-11-20 08:35:07,783 INFO 2168 [egg-mongoose] instance[0] start successfully
2020-11-20 08:35:07,799 INFO 2168 [egg-watcher:application] watcher start success
2020-11-20 08:35:07,828 INFO 2168 [egg:core] dump config after ready, 25ms
