2020-07-02 08:54:50,227 INFO 10344 [egg-schedule]: register schedule F:\项目练习\shoppingmall\server\node_modules\_egg-multipart@2.10.3@egg-multipart\app\schedule\clean_tmpdir.js
2020-07-02 08:54:50,227 INFO 10344 [egg-schedule]: register schedule F:\项目练习\shoppingmall\server\node_modules\_egg-logrotator@3.1.0@egg-logrotator\app\schedule\clean_log.js
2020-07-02 08:54:50,227 INFO 10344 [egg-schedule]: register schedule F:\项目练习\shoppingmall\server\node_modules\_egg-logrotator@3.1.0@egg-logrotator\app\schedule\rotate_by_file.js
2020-07-02 08:54:56,311 INFO 2604 [Timer] F:\项目练习\shoppingmall\server\node_modules\_egg-multipart@2.10.3@egg-multipart\app\schedule\clean_tmpdir.js next time will execute after 70503692ms at 2020-07-03 04:30:00.003
2020-07-02 08:54:56,311 INFO 2604 [Timer] F:\项目练习\shoppingmall\server\node_modules\_egg-logrotator@3.1.0@egg-logrotator\app\schedule\clean_log.js next time will execute after 54303689ms at 2020-07-03 00:00:00.000
2020-07-02 08:54:56,312 INFO 2604 [Timer] F:\项目练习\shoppingmall\server\node_modules\_egg-logrotator@3.1.0@egg-logrotator\app\schedule\rotate_by_file.js next time will execute after 54304689ms at 2020-07-03 00:00:01.001
2020-07-03 08:51:28,142 INFO 8212 [egg-schedule]: register schedule F:\项目练习\shoppingmall\server\node_modules\_egg-multipart@2.10.3@egg-multipart\app\schedule\clean_tmpdir.js
2020-07-03 08:51:28,142 INFO 8212 [egg-schedule]: register schedule F:\项目练习\shoppingmall\server\node_modules\_egg-logrotator@3.1.0@egg-logrotator\app\schedule\clean_log.js
2020-07-03 08:51:28,142 INFO 8212 [egg-schedule]: register schedule F:\项目练习\shoppingmall\server\node_modules\_egg-logrotator@3.1.0@egg-logrotator\app\schedule\rotate_by_file.js
2020-07-03 08:51:34,241 INFO 17128 [Timer] F:\项目练习\shoppingmall\server\node_modules\_egg-multipart@2.10.3@egg-multipart\app\schedule\clean_tmpdir.js next time will execute after 70705761ms at 2020-07-04 04:30:00.002
2020-07-03 08:51:34,242 INFO 17128 [Timer] F:\项目练习\shoppingmall\server\node_modules\_egg-logrotator@3.1.0@egg-logrotator\app\schedule\clean_log.js next time will execute after 54505758ms at 2020-07-04 00:00:00.000
2020-07-03 08:51:34,242 INFO 17128 [Timer] F:\项目练习\shoppingmall\server\node_modules\_egg-logrotator@3.1.0@egg-logrotator\app\schedule\rotate_by_file.js next time will execute after 54506758ms at 2020-07-04 00:00:01.000
2020-11-08 15:09:50,928 INFO 9196 [egg-schedule]: register schedule C:\Users\ZZH\Desktop\shoppingMall-master\server\node_modules\_egg-multipart@2.10.3@egg-multipart\app\schedule\clean_tmpdir.js
2020-11-08 15:09:50,928 INFO 9196 [egg-schedule]: register schedule C:\Users\ZZH\Desktop\shoppingMall-master\server\node_modules\_egg-logrotator@3.1.0@egg-logrotator\app\schedule\clean_log.js
2020-11-08 15:09:50,928 INFO 9196 [egg-schedule]: register schedule C:\Users\ZZH\Desktop\shoppingMall-master\server\node_modules\_egg-logrotator@3.1.0@egg-logrotator\app\schedule\rotate_by_file.js
2020-11-08 15:09:51,887 INFO 17452 [Timer] C:\Users\ZZH\Desktop\shoppingMall-master\server\node_modules\_egg-multipart@2.10.3@egg-multipart\app\schedule\clean_tmpdir.js next time will execute after 48008118ms at 2020-11-09 04:30:00.005
2020-11-08 15:09:51,888 INFO 17452 [Timer] C:\Users\ZZH\Desktop\shoppingMall-master\server\node_modules\_egg-logrotator@3.1.0@egg-logrotator\app\schedule\clean_log.js next time will execute after 31808113ms at 2020-11-09 00:00:00.001
2020-11-08 15:09:51,888 INFO 17452 [Timer] C:\Users\ZZH\Desktop\shoppingMall-master\server\node_modules\_egg-logrotator@3.1.0@egg-logrotator\app\schedule\rotate_by_file.js next time will execute after 31809112ms at 2020-11-09 00:00:01.000
2020-11-08 15:50:01,582 INFO 6868 [egg-schedule]: register schedule C:\Users\student\Desktop\js\11.08\project2\server\node_modules\_egg-multipart@2.10.3@egg-multipart\app\schedule\clean_tmpdir.js
2020-11-08 15:50:01,582 INFO 6868 [egg-schedule]: register schedule C:\Users\student\Desktop\js\11.08\project2\server\node_modules\_egg-logrotator@3.1.0@egg-logrotator\app\schedule\clean_log.js
2020-11-08 15:50:01,582 INFO 6868 [egg-schedule]: register schedule C:\Users\student\Desktop\js\11.08\project2\server\node_modules\_egg-logrotator@3.1.0@egg-logrotator\app\schedule\rotate_by_file.js
2020-11-08 15:50:02,711 INFO 7056 [Timer] C:\Users\student\Desktop\js\11.08\project2\server\node_modules\_egg-multipart@2.10.3@egg-multipart\app\schedule\clean_tmpdir.js next time will execute after 45597291ms at 2020-11-09 04:30:00.002
2020-11-08 15:50:02,712 INFO 7056 [Timer] C:\Users\student\Desktop\js\11.08\project2\server\node_modules\_egg-logrotator@3.1.0@egg-logrotator\app\schedule\clean_log.js next time will execute after 29397289ms at 2020-11-09 00:00:00.001
2020-11-08 15:50:02,712 INFO 7056 [Timer] C:\Users\student\Desktop\js\11.08\project2\server\node_modules\_egg-logrotator@3.1.0@egg-logrotator\app\schedule\rotate_by_file.js next time will execute after 29398288ms at 2020-11-09 00:00:01.000
2020-11-09 11:25:35,576 INFO 4860 [egg-schedule]: register schedule C:\Users\student\Desktop\js\11.08\project2\server\node_modules\_egg-multipart@2.10.3@egg-multipart\app\schedule\clean_tmpdir.js
2020-11-09 11:25:35,576 INFO 4860 [egg-schedule]: register schedule C:\Users\student\Desktop\js\11.08\project2\server\node_modules\_egg-logrotator@3.1.0@egg-logrotator\app\schedule\clean_log.js
2020-11-09 11:25:35,576 INFO 4860 [egg-schedule]: register schedule C:\Users\student\Desktop\js\11.08\project2\server\node_modules\_egg-logrotator@3.1.0@egg-logrotator\app\schedule\rotate_by_file.js
2020-11-09 11:25:36,889 INFO 6968 [Timer] C:\Users\student\Desktop\js\11.08\project2\server\node_modules\_egg-multipart@2.10.3@egg-multipart\app\schedule\clean_tmpdir.js next time will execute after 61463115ms at 2020-11-10 04:30:00.004
2020-11-09 11:25:36,889 INFO 6968 [Timer] C:\Users\student\Desktop\js\11.08\project2\server\node_modules\_egg-logrotator@3.1.0@egg-logrotator\app\schedule\clean_log.js next time will execute after 45263111ms at 2020-11-10 00:00:00.000
2020-11-09 11:25:36,890 INFO 6968 [Timer] C:\Users\student\Desktop\js\11.08\project2\server\node_modules\_egg-logrotator@3.1.0@egg-logrotator\app\schedule\rotate_by_file.js next time will execute after 45264111ms at 2020-11-10 00:00:01.001
2020-11-09 11:37:49,168 INFO 7136 [egg-schedule]: register schedule C:\Users\student\Desktop\js\11.08\project2\server\node_modules\_egg-multipart@2.10.3@egg-multipart\app\schedule\clean_tmpdir.js
2020-11-09 11:37:49,168 INFO 7136 [egg-schedule]: register schedule C:\Users\student\Desktop\js\11.08\project2\server\node_modules\_egg-logrotator@3.1.0@egg-logrotator\app\schedule\clean_log.js
2020-11-09 11:37:49,168 INFO 7136 [egg-schedule]: register schedule C:\Users\student\Desktop\js\11.08\project2\server\node_modules\_egg-logrotator@3.1.0@egg-logrotator\app\schedule\rotate_by_file.js
2020-11-09 11:37:51,030 INFO 6380 [Timer] C:\Users\student\Desktop\js\11.08\project2\server\node_modules\_egg-multipart@2.10.3@egg-multipart\app\schedule\clean_tmpdir.js next time will execute after 60728975ms at 2020-11-10 04:30:00.005
2020-11-09 11:37:51,031 INFO 6380 [Timer] C:\Users\student\Desktop\js\11.08\project2\server\node_modules\_egg-logrotator@3.1.0@egg-logrotator\app\schedule\clean_log.js next time will execute after 44528970ms at 2020-11-10 00:00:00.001
2020-11-09 11:37:51,032 INFO 6380 [Timer] C:\Users\student\Desktop\js\11.08\project2\server\node_modules\_egg-logrotator@3.1.0@egg-logrotator\app\schedule\rotate_by_file.js next time will execute after 44529969ms at 2020-11-10 00:00:01.001
2020-11-09 13:53:41,476 INFO 6088 [egg-schedule]: register schedule C:\Users\student\Desktop\js\11.08\project2\server\node_modules\_egg-multipart@2.10.3@egg-multipart\app\schedule\clean_tmpdir.js
2020-11-09 13:53:41,476 INFO 6088 [egg-schedule]: register schedule C:\Users\student\Desktop\js\11.08\project2\server\node_modules\_egg-logrotator@3.1.0@egg-logrotator\app\schedule\clean_log.js
2020-11-09 13:53:41,476 INFO 6088 [egg-schedule]: register schedule C:\Users\student\Desktop\js\11.08\project2\server\node_modules\_egg-logrotator@3.1.0@egg-logrotator\app\schedule\rotate_by_file.js
2020-11-09 13:53:47,133 INFO 5100 [Timer] C:\Users\student\Desktop\js\11.08\project2\server\node_modules\_egg-multipart@2.10.3@egg-multipart\app\schedule\clean_tmpdir.js next time will execute after 52572871ms at 2020-11-10 04:30:00.004
2020-11-09 13:53:47,134 INFO 5100 [Timer] C:\Users\student\Desktop\js\11.08\project2\server\node_modules\_egg-logrotator@3.1.0@egg-logrotator\app\schedule\clean_log.js next time will execute after 36372866ms at 2020-11-10 00:00:00.000
2020-11-09 13:53:47,135 INFO 5100 [Timer] C:\Users\student\Desktop\js\11.08\project2\server\node_modules\_egg-logrotator@3.1.0@egg-logrotator\app\schedule\rotate_by_file.js next time will execute after 36373866ms at 2020-11-10 00:00:01.001
2020-11-09 14:09:36,314 INFO 3920 [egg-schedule]: register schedule C:\Users\student\Desktop\js\11.08\project2\server\node_modules\_egg-multipart@2.10.3@egg-multipart\app\schedule\clean_tmpdir.js
2020-11-09 14:09:36,314 INFO 3920 [egg-schedule]: register schedule C:\Users\student\Desktop\js\11.08\project2\server\node_modules\_egg-logrotator@3.1.0@egg-logrotator\app\schedule\clean_log.js
2020-11-09 14:09:36,314 INFO 3920 [egg-schedule]: register schedule C:\Users\student\Desktop\js\11.08\project2\server\node_modules\_egg-logrotator@3.1.0@egg-logrotator\app\schedule\rotate_by_file.js
2020-11-09 14:09:40,321 INFO 8124 [Timer] C:\Users\student\Desktop\js\11.08\project2\server\node_modules\_egg-multipart@2.10.3@egg-multipart\app\schedule\clean_tmpdir.js next time will execute after 51619683ms at 2020-11-10 04:30:00.004
2020-11-09 14:09:40,322 INFO 8124 [Timer] C:\Users\student\Desktop\js\11.08\project2\server\node_modules\_egg-logrotator@3.1.0@egg-logrotator\app\schedule\clean_log.js next time will execute after 35419678ms at 2020-11-10 00:00:00.000
2020-11-09 14:09:40,322 INFO 8124 [Timer] C:\Users\student\Desktop\js\11.08\project2\server\node_modules\_egg-logrotator@3.1.0@egg-logrotator\app\schedule\rotate_by_file.js next time will execute after 35420678ms at 2020-11-10 00:00:01.000
2020-11-09 15:47:21,363 INFO 3756 [egg-schedule]: register schedule C:\Users\student\Desktop\js\11.08\project2\server\node_modules\_egg-multipart@2.10.3@egg-multipart\app\schedule\clean_tmpdir.js
2020-11-09 15:47:21,363 INFO 3756 [egg-schedule]: register schedule C:\Users\student\Desktop\js\11.08\project2\server\node_modules\_egg-logrotator@3.1.0@egg-logrotator\app\schedule\clean_log.js
2020-11-09 15:47:21,363 INFO 3756 [egg-schedule]: register schedule C:\Users\student\Desktop\js\11.08\project2\server\node_modules\_egg-logrotator@3.1.0@egg-logrotator\app\schedule\rotate_by_file.js
2020-11-09 15:47:25,788 INFO 7136 [Timer] C:\Users\student\Desktop\js\11.08\project2\server\node_modules\_egg-multipart@2.10.3@egg-multipart\app\schedule\clean_tmpdir.js next time will execute after 45754215ms at 2020-11-10 04:30:00.003
2020-11-09 15:47:25,789 INFO 7136 [Timer] C:\Users\student\Desktop\js\11.08\project2\server\node_modules\_egg-logrotator@3.1.0@egg-logrotator\app\schedule\clean_log.js next time will execute after 29554212ms at 2020-11-10 00:00:00.001
2020-11-09 15:47:25,789 INFO 7136 [Timer] C:\Users\student\Desktop\js\11.08\project2\server\node_modules\_egg-logrotator@3.1.0@egg-logrotator\app\schedule\rotate_by_file.js next time will execute after 29555211ms at 2020-11-10 00:00:01.000
2020-11-10 08:34:49,996 INFO 4116 [egg-schedule]: register schedule C:\Users\student\Desktop\js\11.08\project2\server\node_modules\_egg-multipart@2.10.3@egg-multipart\app\schedule\clean_tmpdir.js
2020-11-10 08:34:49,996 INFO 4116 [egg-schedule]: register schedule C:\Users\student\Desktop\js\11.08\project2\server\node_modules\_egg-logrotator@3.1.0@egg-logrotator\app\schedule\clean_log.js
2020-11-10 08:34:49,996 INFO 4116 [egg-schedule]: register schedule C:\Users\student\Desktop\js\11.08\project2\server\node_modules\_egg-logrotator@3.1.0@egg-logrotator\app\schedule\rotate_by_file.js
2020-11-10 08:34:55,460 INFO 4488 [Timer] C:\Users\student\Desktop\js\11.08\project2\server\node_modules\_egg-multipart@2.10.3@egg-multipart\app\schedule\clean_tmpdir.js next time will execute after 71704544ms at 2020-11-11 04:30:00.004
2020-11-10 08:34:55,461 INFO 4488 [Timer] C:\Users\student\Desktop\js\11.08\project2\server\node_modules\_egg-logrotator@3.1.0@egg-logrotator\app\schedule\clean_log.js next time will execute after 55504539ms at 2020-11-11 00:00:00.000
2020-11-10 08:34:55,462 INFO 4488 [Timer] C:\Users\student\Desktop\js\11.08\project2\server\node_modules\_egg-logrotator@3.1.0@egg-logrotator\app\schedule\rotate_by_file.js next time will execute after 55505539ms at 2020-11-11 00:00:01.001
2020-11-10 21:19:44,566 INFO 7160 [egg-schedule]: register schedule C:\Users\student\Desktop\js\11.08\project2\server\node_modules\_egg-multipart@2.10.3@egg-multipart\app\schedule\clean_tmpdir.js
2020-11-10 21:19:44,566 INFO 7160 [egg-schedule]: register schedule C:\Users\student\Desktop\js\11.08\project2\server\node_modules\_egg-logrotator@3.1.0@egg-logrotator\app\schedule\clean_log.js
2020-11-10 21:19:44,566 INFO 7160 [egg-schedule]: register schedule C:\Users\student\Desktop\js\11.08\project2\server\node_modules\_egg-logrotator@3.1.0@egg-logrotator\app\schedule\rotate_by_file.js
2020-11-10 21:19:48,846 INFO 2452 [Timer] C:\Users\student\Desktop\js\11.08\project2\server\node_modules\_egg-multipart@2.10.3@egg-multipart\app\schedule\clean_tmpdir.js next time will execute after 25811158ms at 2020-11-11 04:30:00.004
2020-11-10 21:19:48,846 INFO 2452 [Timer] C:\Users\student\Desktop\js\11.08\project2\server\node_modules\_egg-logrotator@3.1.0@egg-logrotator\app\schedule\clean_log.js next time will execute after 9611154ms at 2020-11-11 00:00:00.000
2020-11-10 21:19:48,846 INFO 2452 [Timer] C:\Users\student\Desktop\js\11.08\project2\server\node_modules\_egg-logrotator@3.1.0@egg-logrotator\app\schedule\rotate_by_file.js next time will execute after 9612154ms at 2020-11-11 00:00:01.000
2020-11-10 21:36:12,339 INFO 8052 [egg-schedule]: register schedule C:\Users\student\Desktop\js\11.08\project2\server\node_modules\_egg-multipart@2.10.3@egg-multipart\app\schedule\clean_tmpdir.js
2020-11-10 21:36:12,339 INFO 8052 [egg-schedule]: register schedule C:\Users\student\Desktop\js\11.08\project2\server\node_modules\_egg-logrotator@3.1.0@egg-logrotator\app\schedule\clean_log.js
2020-11-10 21:36:12,339 INFO 8052 [egg-schedule]: register schedule C:\Users\student\Desktop\js\11.08\project2\server\node_modules\_egg-logrotator@3.1.0@egg-logrotator\app\schedule\rotate_by_file.js
2020-11-10 21:36:17,095 INFO 3144 [Timer] C:\Users\student\Desktop\js\11.08\project2\server\node_modules\_egg-multipart@2.10.3@egg-multipart\app\schedule\clean_tmpdir.js next time will execute after 24822908ms at 2020-11-11 04:30:00.003
2020-11-10 21:36:17,096 INFO 3144 [Timer] C:\Users\student\Desktop\js\11.08\project2\server\node_modules\_egg-logrotator@3.1.0@egg-logrotator\app\schedule\clean_log.js next time will execute after 8622905ms at 2020-11-11 00:00:00.001
2020-11-10 21:36:17,096 INFO 3144 [Timer] C:\Users\student\Desktop\js\11.08\project2\server\node_modules\_egg-logrotator@3.1.0@egg-logrotator\app\schedule\rotate_by_file.js next time will execute after 8623904ms at 2020-11-11 00:00:01.000
2020-11-11 08:34:28,494 INFO 4568 [egg-schedule]: register schedule C:\Users\student\Desktop\js\11.08\project2\server\node_modules\_egg-multipart@2.10.3@egg-multipart\app\schedule\clean_tmpdir.js
2020-11-11 08:34:28,494 INFO 4568 [egg-schedule]: register schedule C:\Users\student\Desktop\js\11.08\project2\server\node_modules\_egg-logrotator@3.1.0@egg-logrotator\app\schedule\clean_log.js
2020-11-11 08:34:28,494 INFO 4568 [egg-schedule]: register schedule C:\Users\student\Desktop\js\11.08\project2\server\node_modules\_egg-logrotator@3.1.0@egg-logrotator\app\schedule\rotate_by_file.js
2020-11-11 08:34:32,547 INFO 4744 [Timer] C:\Users\student\Desktop\js\11.08\project2\server\node_modules\_egg-multipart@2.10.3@egg-multipart\app\schedule\clean_tmpdir.js next time will execute after 71727457ms at 2020-11-12 04:30:00.004
2020-11-11 08:34:32,547 INFO 4744 [Timer] C:\Users\student\Desktop\js\11.08\project2\server\node_modules\_egg-logrotator@3.1.0@egg-logrotator\app\schedule\clean_log.js next time will execute after 55527453ms at 2020-11-12 00:00:00.000
2020-11-11 08:34:32,548 INFO 4744 [Timer] C:\Users\student\Desktop\js\11.08\project2\server\node_modules\_egg-logrotator@3.1.0@egg-logrotator\app\schedule\rotate_by_file.js next time will execute after 55528453ms at 2020-11-12 00:00:01.001
2020-11-11 18:20:13,583 INFO 4704 [egg-schedule]: register schedule C:\Users\student\Desktop\js\11.08\project2\server\node_modules\_egg-multipart@2.10.3@egg-multipart\app\schedule\clean_tmpdir.js
2020-11-11 18:20:13,583 INFO 4704 [egg-schedule]: register schedule C:\Users\student\Desktop\js\11.08\project2\server\node_modules\_egg-logrotator@3.1.0@egg-logrotator\app\schedule\clean_log.js
2020-11-11 18:20:13,583 INFO 4704 [egg-schedule]: register schedule C:\Users\student\Desktop\js\11.08\project2\server\node_modules\_egg-logrotator@3.1.0@egg-logrotator\app\schedule\rotate_by_file.js
2020-11-11 18:20:17,948 INFO 4884 [Timer] C:\Users\student\Desktop\js\11.08\project2\server\node_modules\_egg-multipart@2.10.3@egg-multipart\app\schedule\clean_tmpdir.js next time will execute after 36582056ms at 2020-11-12 04:30:00.004
2020-11-11 18:20:17,948 INFO 4884 [Timer] C:\Users\student\Desktop\js\11.08\project2\server\node_modules\_egg-logrotator@3.1.0@egg-logrotator\app\schedule\clean_log.js next time will execute after 20382052ms at 2020-11-12 00:00:00.000
2020-11-11 18:20:17,949 INFO 4884 [Timer] C:\Users\student\Desktop\js\11.08\project2\server\node_modules\_egg-logrotator@3.1.0@egg-logrotator\app\schedule\rotate_by_file.js next time will execute after 20383052ms at 2020-11-12 00:00:01.001
2020-11-12 08:53:00,830 INFO 4920 [egg-schedule]: register schedule C:\Users\student\Desktop\js\11.08\project2\server\node_modules\_egg-multipart@2.10.3@egg-multipart\app\schedule\clean_tmpdir.js
2020-11-12 08:53:00,830 INFO 4920 [egg-schedule]: register schedule C:\Users\student\Desktop\js\11.08\project2\server\node_modules\_egg-logrotator@3.1.0@egg-logrotator\app\schedule\clean_log.js
2020-11-12 08:53:00,830 INFO 4920 [egg-schedule]: register schedule C:\Users\student\Desktop\js\11.08\project2\server\node_modules\_egg-logrotator@3.1.0@egg-logrotator\app\schedule\rotate_by_file.js
2020-11-12 08:53:02,170 INFO 4876 [Timer] C:\Users\student\Desktop\js\11.08\project2\server\node_modules\_egg-multipart@2.10.3@egg-multipart\app\schedule\clean_tmpdir.js next time will execute after 70617833ms at 2020-11-13 04:30:00.003
2020-11-12 08:53:02,171 INFO 4876 [Timer] C:\Users\student\Desktop\js\11.08\project2\server\node_modules\_egg-logrotator@3.1.0@egg-logrotator\app\schedule\clean_log.js next time will execute after 54417830ms at 2020-11-13 00:00:00.001
2020-11-12 08:53:02,171 INFO 4876 [Timer] C:\Users\student\Desktop\js\11.08\project2\server\node_modules\_egg-logrotator@3.1.0@egg-logrotator\app\schedule\rotate_by_file.js next time will execute after 54418829ms at 2020-11-13 00:00:01.000
2020-11-12 15:42:39,863 INFO 3156 [egg-schedule]: register schedule C:\Users\student\Desktop\js\11.08\project2\server\node_modules\_egg-multipart@2.10.3@egg-multipart\app\schedule\clean_tmpdir.js
2020-11-12 15:42:39,863 INFO 3156 [egg-schedule]: register schedule C:\Users\student\Desktop\js\11.08\project2\server\node_modules\_egg-logrotator@3.1.0@egg-logrotator\app\schedule\clean_log.js
2020-11-12 15:42:39,863 INFO 3156 [egg-schedule]: register schedule C:\Users\student\Desktop\js\11.08\project2\server\node_modules\_egg-logrotator@3.1.0@egg-logrotator\app\schedule\rotate_by_file.js
2020-11-12 15:42:44,953 INFO 7272 [Timer] C:\Users\student\Desktop\js\11.08\project2\server\node_modules\_egg-multipart@2.10.3@egg-multipart\app\schedule\clean_tmpdir.js next time will execute after 46035051ms at 2020-11-13 04:30:00.004
2020-11-12 15:42:44,953 INFO 7272 [Timer] C:\Users\student\Desktop\js\11.08\project2\server\node_modules\_egg-logrotator@3.1.0@egg-logrotator\app\schedule\clean_log.js next time will execute after 29835047ms at 2020-11-13 00:00:00.000
2020-11-12 15:42:44,954 INFO 7272 [Timer] C:\Users\student\Desktop\js\11.08\project2\server\node_modules\_egg-logrotator@3.1.0@egg-logrotator\app\schedule\rotate_by_file.js next time will execute after 29836047ms at 2020-11-13 00:00:01.001
2020-11-12 19:50:16,203 INFO 4724 [egg-schedule]: register schedule C:\Users\student\Desktop\js\11.08\project2\server\node_modules\_egg-multipart@2.10.3@egg-multipart\app\schedule\clean_tmpdir.js
2020-11-12 19:50:16,204 INFO 4724 [egg-schedule]: register schedule C:\Users\student\Desktop\js\11.08\project2\server\node_modules\_egg-logrotator@3.1.0@egg-logrotator\app\schedule\clean_log.js
2020-11-12 19:50:16,204 INFO 4724 [egg-schedule]: register schedule C:\Users\student\Desktop\js\11.08\project2\server\node_modules\_egg-logrotator@3.1.0@egg-logrotator\app\schedule\rotate_by_file.js
2020-11-12 19:50:18,481 INFO 3368 [Timer] C:\Users\student\Desktop\js\11.08\project2\server\node_modules\_egg-multipart@2.10.3@egg-multipart\app\schedule\clean_tmpdir.js next time will execute after 31181523ms at 2020-11-13 04:30:00.004
2020-11-12 19:50:18,481 INFO 3368 [Timer] C:\Users\student\Desktop\js\11.08\project2\server\node_modules\_egg-logrotator@3.1.0@egg-logrotator\app\schedule\clean_log.js next time will execute after 14981519ms at 2020-11-13 00:00:00.000
2020-11-12 19:50:18,482 INFO 3368 [Timer] C:\Users\student\Desktop\js\11.08\project2\server\node_modules\_egg-logrotator@3.1.0@egg-logrotator\app\schedule\rotate_by_file.js next time will execute after 14982518ms at 2020-11-13 00:00:01.000
2020-11-12 20:06:45,341 INFO 5524 [egg-schedule]: register schedule C:\Users\student\Desktop\js\11.08\project2\server\node_modules\_egg-multipart@2.10.3@egg-multipart\app\schedule\clean_tmpdir.js
2020-11-12 20:06:45,341 INFO 5524 [egg-schedule]: register schedule C:\Users\student\Desktop\js\11.08\project2\server\node_modules\_egg-logrotator@3.1.0@egg-logrotator\app\schedule\clean_log.js
2020-11-12 20:06:45,341 INFO 5524 [egg-schedule]: register schedule C:\Users\student\Desktop\js\11.08\project2\server\node_modules\_egg-logrotator@3.1.0@egg-logrotator\app\schedule\rotate_by_file.js
2020-11-12 20:06:46,713 INFO 5520 [Timer] C:\Users\student\Desktop\js\11.08\project2\server\node_modules\_egg-multipart@2.10.3@egg-multipart\app\schedule\clean_tmpdir.js next time will execute after 30193289ms at 2020-11-13 04:30:00.002
2020-11-12 20:06:46,713 INFO 5520 [Timer] C:\Users\student\Desktop\js\11.08\project2\server\node_modules\_egg-logrotator@3.1.0@egg-logrotator\app\schedule\clean_log.js next time will execute after 13993287ms at 2020-11-13 00:00:00.000
2020-11-12 20:06:46,714 INFO 5520 [Timer] C:\Users\student\Desktop\js\11.08\project2\server\node_modules\_egg-logrotator@3.1.0@egg-logrotator\app\schedule\rotate_by_file.js next time will execute after 13994287ms at 2020-11-13 00:00:01.001
2020-11-13 08:34:44,376 INFO 4956 [egg-schedule]: register schedule C:\Users\student\Desktop\js\11.08\project2\server\node_modules\_egg-multipart@2.10.3@egg-multipart\app\schedule\clean_tmpdir.js
2020-11-13 08:34:44,376 INFO 4956 [egg-schedule]: register schedule C:\Users\student\Desktop\js\11.08\project2\server\node_modules\_egg-logrotator@3.1.0@egg-logrotator\app\schedule\clean_log.js
2020-11-13 08:34:44,376 INFO 4956 [egg-schedule]: register schedule C:\Users\student\Desktop\js\11.08\project2\server\node_modules\_egg-logrotator@3.1.0@egg-logrotator\app\schedule\rotate_by_file.js
2020-11-13 08:34:48,634 INFO 4064 [Timer] C:\Users\student\Desktop\js\11.08\project2\server\node_modules\_egg-multipart@2.10.3@egg-multipart\app\schedule\clean_tmpdir.js next time will execute after 71711371ms at 2020-11-14 04:30:00.005
2020-11-13 08:34:48,635 INFO 4064 [Timer] C:\Users\student\Desktop\js\11.08\project2\server\node_modules\_egg-logrotator@3.1.0@egg-logrotator\app\schedule\clean_log.js next time will execute after 55511365ms at 2020-11-14 00:00:00.000
2020-11-13 08:34:48,636 INFO 4064 [Timer] C:\Users\student\Desktop\js\11.08\project2\server\node_modules\_egg-logrotator@3.1.0@egg-logrotator\app\schedule\rotate_by_file.js next time will execute after 55512365ms at 2020-11-14 00:00:01.001
2020-11-14 09:00:18,780 INFO 4812 [egg-schedule]: register schedule C:\Users\student\Desktop\js\11.08\project2\server\node_modules\_egg-multipart@2.10.3@egg-multipart\app\schedule\clean_tmpdir.js
2020-11-14 09:00:18,780 INFO 4812 [egg-schedule]: register schedule C:\Users\student\Desktop\js\11.08\project2\server\node_modules\_egg-logrotator@3.1.0@egg-logrotator\app\schedule\clean_log.js
2020-11-14 09:00:18,780 INFO 4812 [egg-schedule]: register schedule C:\Users\student\Desktop\js\11.08\project2\server\node_modules\_egg-logrotator@3.1.0@egg-logrotator\app\schedule\rotate_by_file.js
2020-11-14 09:00:23,197 INFO 4696 [Timer] C:\Users\student\Desktop\js\11.08\project2\server\node_modules\_egg-multipart@2.10.3@egg-multipart\app\schedule\clean_tmpdir.js next time will execute after 70176808ms at 2020-11-15 04:30:00.005
2020-11-14 09:00:23,197 INFO 4696 [Timer] C:\Users\student\Desktop\js\11.08\project2\server\node_modules\_egg-logrotator@3.1.0@egg-logrotator\app\schedule\clean_log.js next time will execute after 53976803ms at 2020-11-15 00:00:00.000
2020-11-14 09:00:23,198 INFO 4696 [Timer] C:\Users\student\Desktop\js\11.08\project2\server\node_modules\_egg-logrotator@3.1.0@egg-logrotator\app\schedule\rotate_by_file.js next time will execute after 53977803ms at 2020-11-15 00:00:01.001
2020-11-16 08:24:40,494 INFO 2252 [egg-schedule]: register schedule C:\Users\student\Desktop\js\11.08\project2\server\node_modules\_egg-multipart@2.10.3@egg-multipart\app\schedule\clean_tmpdir.js
2020-11-16 08:24:40,495 INFO 2252 [egg-schedule]: register schedule C:\Users\student\Desktop\js\11.08\project2\server\node_modules\_egg-logrotator@3.1.0@egg-logrotator\app\schedule\clean_log.js
2020-11-16 08:24:40,495 INFO 2252 [egg-schedule]: register schedule C:\Users\student\Desktop\js\11.08\project2\server\node_modules\_egg-logrotator@3.1.0@egg-logrotator\app\schedule\rotate_by_file.js
2020-11-16 08:24:45,250 INFO 2160 [Timer] C:\Users\student\Desktop\js\11.08\project2\server\node_modules\_egg-multipart@2.10.3@egg-multipart\app\schedule\clean_tmpdir.js next time will execute after 72314754ms at 2020-11-17 04:30:00.004
2020-11-16 08:24:45,251 INFO 2160 [Timer] C:\Users\student\Desktop\js\11.08\project2\server\node_modules\_egg-logrotator@3.1.0@egg-logrotator\app\schedule\clean_log.js next time will execute after 56114750ms at 2020-11-17 00:00:00.001
2020-11-16 08:24:45,251 INFO 2160 [Timer] C:\Users\student\Desktop\js\11.08\project2\server\node_modules\_egg-logrotator@3.1.0@egg-logrotator\app\schedule\rotate_by_file.js next time will execute after 56115749ms at 2020-11-17 00:00:01.000
2020-11-17 08:26:40,032 INFO 3408 [egg-schedule]: register schedule C:\Users\student\Desktop\js\11.08\project2\server\node_modules\_egg-multipart@2.10.3@egg-multipart\app\schedule\clean_tmpdir.js
2020-11-17 08:26:40,032 INFO 3408 [egg-schedule]: register schedule C:\Users\student\Desktop\js\11.08\project2\server\node_modules\_egg-logrotator@3.1.0@egg-logrotator\app\schedule\clean_log.js
2020-11-17 08:26:40,032 INFO 3408 [egg-schedule]: register schedule C:\Users\student\Desktop\js\11.08\project2\server\node_modules\_egg-logrotator@3.1.0@egg-logrotator\app\schedule\rotate_by_file.js
2020-11-17 08:26:44,395 INFO 2836 [Timer] C:\Users\student\Desktop\js\11.08\project2\server\node_modules\_egg-multipart@2.10.3@egg-multipart\app\schedule\clean_tmpdir.js next time will execute after 72195609ms at 2020-11-18 04:30:00.004
2020-11-17 08:26:44,396 INFO 2836 [Timer] C:\Users\student\Desktop\js\11.08\project2\server\node_modules\_egg-logrotator@3.1.0@egg-logrotator\app\schedule\clean_log.js next time will execute after 55995605ms at 2020-11-18 00:00:00.001
2020-11-17 08:26:44,397 INFO 2836 [Timer] C:\Users\student\Desktop\js\11.08\project2\server\node_modules\_egg-logrotator@3.1.0@egg-logrotator\app\schedule\rotate_by_file.js next time will execute after 55996604ms at 2020-11-18 00:00:01.001
2020-11-18 08:28:24,503 INFO 2608 [egg-schedule]: register schedule C:\Users\student\Desktop\js\11.08\project2\server\node_modules\_egg-multipart@2.10.3@egg-multipart\app\schedule\clean_tmpdir.js
2020-11-18 08:28:24,503 INFO 2608 [egg-schedule]: register schedule C:\Users\student\Desktop\js\11.08\project2\server\node_modules\_egg-logrotator@3.1.0@egg-logrotator\app\schedule\clean_log.js
2020-11-18 08:28:24,503 INFO 2608 [egg-schedule]: register schedule C:\Users\student\Desktop\js\11.08\project2\server\node_modules\_egg-logrotator@3.1.0@egg-logrotator\app\schedule\rotate_by_file.js
2020-11-18 08:28:29,071 INFO 7544 [Timer] C:\Users\student\Desktop\js\11.08\project2\server\node_modules\_egg-multipart@2.10.3@egg-multipart\app\schedule\clean_tmpdir.js next time will execute after 72090933ms at 2020-11-19 04:30:00.004
2020-11-18 08:28:29,072 INFO 7544 [Timer] C:\Users\student\Desktop\js\11.08\project2\server\node_modules\_egg-logrotator@3.1.0@egg-logrotator\app\schedule\clean_log.js next time will execute after 55890929ms at 2020-11-19 00:00:00.001
2020-11-18 08:28:29,072 INFO 7544 [Timer] C:\Users\student\Desktop\js\11.08\project2\server\node_modules\_egg-logrotator@3.1.0@egg-logrotator\app\schedule\rotate_by_file.js next time will execute after 55891928ms at 2020-11-19 00:00:01.000
2020-11-19 08:31:21,086 INFO 6040 [egg-schedule]: register schedule C:\Users\student\Desktop\js\11.08\project2\server\node_modules\_egg-multipart@2.10.3@egg-multipart\app\schedule\clean_tmpdir.js
2020-11-19 08:31:21,086 INFO 6040 [egg-schedule]: register schedule C:\Users\student\Desktop\js\11.08\project2\server\node_modules\_egg-logrotator@3.1.0@egg-logrotator\app\schedule\clean_log.js
2020-11-19 08:31:21,086 INFO 6040 [egg-schedule]: register schedule C:\Users\student\Desktop\js\11.08\project2\server\node_modules\_egg-logrotator@3.1.0@egg-logrotator\app\schedule\rotate_by_file.js
2020-11-19 08:31:25,698 INFO 4708 [Timer] C:\Users\student\Desktop\js\11.08\project2\server\node_modules\_egg-multipart@2.10.3@egg-multipart\app\schedule\clean_tmpdir.js next time will execute after 71914308ms at 2020-11-20 04:30:00.005
2020-11-19 08:31:25,698 INFO 4708 [Timer] C:\Users\student\Desktop\js\11.08\project2\server\node_modules\_egg-logrotator@3.1.0@egg-logrotator\app\schedule\clean_log.js next time will execute after 55714302ms at 2020-11-20 00:00:00.000
2020-11-19 08:31:25,699 INFO 4708 [Timer] C:\Users\student\Desktop\js\11.08\project2\server\node_modules\_egg-logrotator@3.1.0@egg-logrotator\app\schedule\rotate_by_file.js next time will execute after 55715302ms at 2020-11-20 00:00:01.001
2020-11-20 08:35:03,975 INFO 2168 [egg-schedule]: register schedule C:\Users\student\Desktop\js\11.08\project2\server\node_modules\_egg-multipart@2.10.3@egg-multipart\app\schedule\clean_tmpdir.js
2020-11-20 08:35:03,975 INFO 2168 [egg-schedule]: register schedule C:\Users\student\Desktop\js\11.08\project2\server\node_modules\_egg-logrotator@3.1.0@egg-logrotator\app\schedule\clean_log.js
2020-11-20 08:35:03,975 INFO 2168 [egg-schedule]: register schedule C:\Users\student\Desktop\js\11.08\project2\server\node_modules\_egg-logrotator@3.1.0@egg-logrotator\app\schedule\rotate_by_file.js
2020-11-20 08:35:07,839 INFO 3316 [Timer] C:\Users\student\Desktop\js\11.08\project2\server\node_modules\_egg-multipart@2.10.3@egg-multipart\app\schedule\clean_tmpdir.js next time will execute after 71692165ms at 2020-11-21 04:30:00.004
2020-11-20 08:35:07,840 INFO 3316 [Timer] C:\Users\student\Desktop\js\11.08\project2\server\node_modules\_egg-logrotator@3.1.0@egg-logrotator\app\schedule\clean_log.js next time will execute after 55492160ms at 2020-11-21 00:00:00.000
2020-11-20 08:35:07,841 INFO 3316 [Timer] C:\Users\student\Desktop\js\11.08\project2\server\node_modules\_egg-logrotator@3.1.0@egg-logrotator\app\schedule\rotate_by_file.js next time will execute after 55493160ms at 2020-11-21 00:00:01.001
2020-11-23 08:29:02,411 INFO 4840 [egg-schedule]: register schedule C:\Users\student\Desktop\js\11.08\project2\server\node_modules\_egg-multipart@2.10.3@egg-multipart\app\schedule\clean_tmpdir.js
2020-11-23 08:29:02,412 INFO 4840 [egg-schedule]: register schedule C:\Users\student\Desktop\js\11.08\project2\server\node_modules\_egg-logrotator@3.1.0@egg-logrotator\app\schedule\clean_log.js
2020-11-23 08:29:02,412 INFO 4840 [egg-schedule]: register schedule C:\Users\student\Desktop\js\11.08\project2\server\node_modules\_egg-logrotator@3.1.0@egg-logrotator\app\schedule\rotate_by_file.js
2020-11-23 08:29:06,420 INFO 4056 [Timer] C:\Users\student\Desktop\js\11.08\project2\server\node_modules\_egg-multipart@2.10.3@egg-multipart\app\schedule\clean_tmpdir.js next time will execute after 72053584ms at 2020-11-24 04:30:00.004
2020-11-23 08:29:06,421 INFO 4056 [Timer] C:\Users\student\Desktop\js\11.08\project2\server\node_modules\_egg-logrotator@3.1.0@egg-logrotator\app\schedule\clean_log.js next time will execute after 55853579ms at 2020-11-24 00:00:00.000
2020-11-23 08:29:06,422 INFO 4056 [Timer] C:\Users\student\Desktop\js\11.08\project2\server\node_modules\_egg-logrotator@3.1.0@egg-logrotator\app\schedule\rotate_by_file.js next time will execute after 55854579ms at 2020-11-24 00:00:01.001
2020-11-23 15:32:22,666 INFO 3696 [egg-schedule]: register schedule C:\Users\student\Desktop\js\11.08\project2\server\node_modules\_egg-multipart@2.10.3@egg-multipart\app\schedule\clean_tmpdir.js
2020-11-23 15:32:22,666 INFO 3696 [egg-schedule]: register schedule C:\Users\student\Desktop\js\11.08\project2\server\node_modules\_egg-logrotator@3.1.0@egg-logrotator\app\schedule\clean_log.js
2020-11-23 15:32:22,666 INFO 3696 [egg-schedule]: register schedule C:\Users\student\Desktop\js\11.08\project2\server\node_modules\_egg-logrotator@3.1.0@egg-logrotator\app\schedule\rotate_by_file.js
2020-11-23 15:32:26,465 INFO 6216 [Timer] C:\Users\student\Desktop\js\11.08\project2\server\node_modules\_egg-multipart@2.10.3@egg-multipart\app\schedule\clean_tmpdir.js next time will execute after 46653539ms at 2020-11-24 04:30:00.004
2020-11-23 15:32:26,466 INFO 6216 [Timer] C:\Users\student\Desktop\js\11.08\project2\server\node_modules\_egg-logrotator@3.1.0@egg-logrotator\app\schedule\clean_log.js next time will execute after 30453534ms at 2020-11-24 00:00:00.000
2020-11-23 15:32:26,466 INFO 6216 [Timer] C:\Users\student\Desktop\js\11.08\project2\server\node_modules\_egg-logrotator@3.1.0@egg-logrotator\app\schedule\rotate_by_file.js next time will execute after 30454534ms at 2020-11-24 00:00:01.000
2020-11-23 16:46:37,940 INFO 168 [egg-schedule]: register schedule C:\Users\student\Desktop\js\11.08\project2\server\node_modules\_egg-multipart@2.10.3@egg-multipart\app\schedule\clean_tmpdir.js
2020-11-23 16:46:37,940 INFO 168 [egg-schedule]: register schedule C:\Users\student\Desktop\js\11.08\project2\server\node_modules\_egg-logrotator@3.1.0@egg-logrotator\app\schedule\clean_log.js
2020-11-23 16:46:37,940 INFO 168 [egg-schedule]: register schedule C:\Users\student\Desktop\js\11.08\project2\server\node_modules\_egg-logrotator@3.1.0@egg-logrotator\app\schedule\rotate_by_file.js
2020-11-23 16:46:41,970 INFO 5052 [Timer] C:\Users\student\Desktop\js\11.08\project2\server\node_modules\_egg-multipart@2.10.3@egg-multipart\app\schedule\clean_tmpdir.js next time will execute after 42198034ms at 2020-11-24 04:30:00.003
2020-11-23 16:46:41,970 INFO 5052 [Timer] C:\Users\student\Desktop\js\11.08\project2\server\node_modules\_egg-logrotator@3.1.0@egg-logrotator\app\schedule\clean_log.js next time will execute after 25998030ms at 2020-11-24 00:00:00.000
2020-11-23 16:46:41,971 INFO 5052 [Timer] C:\Users\student\Desktop\js\11.08\project2\server\node_modules\_egg-logrotator@3.1.0@egg-logrotator\app\schedule\rotate_by_file.js next time will execute after 25999030ms at 2020-11-24 00:00:01.001
2020-11-24 08:35:28,273 INFO 8132 [egg-schedule]: register schedule C:\Users\student\Desktop\js\11.08\project2\server\node_modules\_egg-multipart@2.10.3@egg-multipart\app\schedule\clean_tmpdir.js
2020-11-24 08:35:28,273 INFO 8132 [egg-schedule]: register schedule C:\Users\student\Desktop\js\11.08\project2\server\node_modules\_egg-logrotator@3.1.0@egg-logrotator\app\schedule\clean_log.js
2020-11-24 08:35:28,273 INFO 8132 [egg-schedule]: register schedule C:\Users\student\Desktop\js\11.08\project2\server\node_modules\_egg-logrotator@3.1.0@egg-logrotator\app\schedule\rotate_by_file.js
2020-11-24 08:35:30,169 INFO 8984 [Timer] C:\Users\student\Desktop\js\11.08\project2\server\node_modules\_egg-multipart@2.10.3@egg-multipart\app\schedule\clean_tmpdir.js next time will execute after 71669835ms at 2020-11-25 04:30:00.004
2020-11-24 08:35:30,170 INFO 8984 [Timer] C:\Users\student\Desktop\js\11.08\project2\server\node_modules\_egg-logrotator@3.1.0@egg-logrotator\app\schedule\clean_log.js next time will execute after 55469831ms at 2020-11-25 00:00:00.001
2020-11-24 08:35:30,171 INFO 8984 [Timer] C:\Users\student\Desktop\js\11.08\project2\server\node_modules\_egg-logrotator@3.1.0@egg-logrotator\app\schedule\rotate_by_file.js next time will execute after 55470830ms at 2020-11-25 00:00:01.001
2020-11-25 08:28:32,645 INFO 7532 [egg-schedule]: register schedule C:\Users\student\Desktop\js\11.08\project2\server\node_modules\_egg-multipart@2.10.3@egg-multipart\app\schedule\clean_tmpdir.js
2020-11-25 08:28:32,645 INFO 7532 [egg-schedule]: register schedule C:\Users\student\Desktop\js\11.08\project2\server\node_modules\_egg-logrotator@3.1.0@egg-logrotator\app\schedule\clean_log.js
2020-11-25 08:28:32,645 INFO 7532 [egg-schedule]: register schedule C:\Users\student\Desktop\js\11.08\project2\server\node_modules\_egg-logrotator@3.1.0@egg-logrotator\app\schedule\rotate_by_file.js
2020-11-25 08:28:37,819 INFO 6824 [Timer] C:\Users\student\Desktop\js\11.08\project2\server\node_modules\_egg-multipart@2.10.3@egg-multipart\app\schedule\clean_tmpdir.js next time will execute after 72082186ms at 2020-11-26 04:30:00.005
2020-11-25 08:28:37,819 INFO 6824 [Timer] C:\Users\student\Desktop\js\11.08\project2\server\node_modules\_egg-logrotator@3.1.0@egg-logrotator\app\schedule\clean_log.js next time will execute after 55882181ms at 2020-11-26 00:00:00.000
2020-11-25 08:28:37,820 INFO 6824 [Timer] C:\Users\student\Desktop\js\11.08\project2\server\node_modules\_egg-logrotator@3.1.0@egg-logrotator\app\schedule\rotate_by_file.js next time will execute after 55883181ms at 2020-11-26 00:00:01.001
